Log file open, 11/07/21 01:11:58
LogWindows: Failed to load 'aqProf.dll' (GetLastError=126)
LogWindows: File 'aqProf.dll' does not exist
LogWindows: Failed to load 'VtuneApi.dll' (GetLastError=126)
LogWindows: File 'VtuneApi.dll' does not exist
LogWindows: Failed to load 'VtuneApi32e.dll' (GetLastError=126)
LogWindows: File 'VtuneApi32e.dll' does not exist
LogConsoleResponse: Display: Failed to find resolution value strings in scalability ini. Falling back to default.
LogConsoleResponse: Display: Failed to find resolution value strings in scalability ini. Falling back to default.
LogInit: Display: Running engine for game: Lamplighter
LogPlatformFile: Not using cached read wrapper
LogTaskGraph: Started task graph with 5 named threads and 14 total threads with 3 sets of task threads.
LogStats: Stats thread started at 0.752310
LogICUInternationalization: ICU TimeZone Detection - Raw Offset: +1:00, Platform Override: ''
LogInit: Display: Loading text-based GConfig....
LogPluginManager: Mounting plugin MeshPainting
LogPluginManager: Mounting plugin XGEController
LogPluginManager: Mounting plugin Paper2D
LogPluginManager: Mounting plugin LiveLink
LogPluginManager: Mounting plugin AISupport
LogPluginManager: Mounting plugin EnvironmentQueryEditor
LogPluginManager: Mounting plugin LightPropagationVolume
LogPluginManager: Mounting plugin CameraShakePreviewer
LogPluginManager: Mounting plugin GameplayCameras
LogPluginManager: Mounting plugin AnimationSharing
LogPluginManager: Mounting plugin OodleData
LogPluginManager: Mounting plugin CLionSourceCodeAccess
LogPluginManager: Mounting plugin CodeLiteSourceCodeAccess
LogPluginManager: Mounting plugin GitSourceControl
LogPluginManager: Mounting plugin KDevelopSourceCodeAccess
LogPluginManager: Mounting plugin NullSourceCodeAccess
LogPluginManager: Mounting plugin PerforceSourceControl
LogPluginManager: Mounting plugin PixWinPlugin
LogPluginManager: Mounting plugin PlasticSourceControl
LogPluginManager: Mounting plugin PluginUtils
LogPluginManager: Mounting plugin PropertyAccessNode
LogPluginManager: Mounting plugin RiderSourceCodeAccess
LogPluginManager: Mounting plugin SubversionSourceControl
LogPluginManager: Mounting plugin TextureFormatOodle
LogPluginManager: Mounting plugin UObjectPlugin
LogPluginManager: Mounting plugin OodleNetwork
LogPluginManager: Mounting plugin VisualStudioCodeSourceCodeAccess
LogPluginManager: Mounting plugin XCodeSourceCodeAccess
LogPluginManager: Mounting plugin VisualStudioSourceCodeAccess
LogPluginManager: Mounting plugin AssetManagerEditor
LogPluginManager: Mounting plugin CryptoKeys
LogPluginManager: Mounting plugin CurveEditorTools
LogPluginManager: Mounting plugin DataValidation
LogPluginManager: Mounting plugin EditorScriptingUtilities
LogPluginManager: Mounting plugin FacialAnimation
LogPluginManager: Mounting plugin GameplayTagsEditor
LogPluginManager: Mounting plugin GeometryMode
LogPluginManager: Mounting plugin MacGraphicsSwitching
LogPluginManager: Mounting plugin MaterialAnalyzer
LogPluginManager: Mounting plugin MobileLauncherProfileWizard
LogPluginManager: Mounting plugin PluginBrowser
LogPluginManager: Mounting plugin SpeedTreeImporter
LogPluginManager: Mounting plugin DatasmithContent
LogPluginManager: Mounting plugin VariantManagerContent
LogPluginManager: Mounting plugin AlembicImporter
LogPluginManager: Mounting plugin AutomationUtils
LogPluginManager: Mounting plugin BackChannel
LogPluginManager: Mounting plugin ChaosCloth
LogPluginManager: Mounting plugin ChaosClothEditor
LogPluginManager: Mounting plugin ChaosEditor
LogPluginManager: Mounting plugin ChaosNiagara
LogPluginManager: Mounting plugin ChaosSolverPlugin
LogPluginManager: Mounting plugin CharacterAI
LogPluginManager: Mounting plugin Niagara
LogPluginManager: Mounting plugin GeometryCache
LogPluginManager: Mounting plugin GeometryCollectionPlugin
LogPluginManager: Mounting plugin GeometryProcessing
LogPluginManager: Mounting plugin MotoSynth
LogPluginManager: Mounting plugin OpenImageDenoise
LogPluginManager: Mounting plugin PlanarCut
LogPluginManager: Mounting plugin PlatformCrypto
LogPluginManager: Mounting plugin ProxyLODPlugin
LogPluginManager: Mounting plugin PythonScriptPlugin
LogPluginManager: Mounting plugin SkeletalReduction
LogPluginManager: Mounting plugin LuminPlatformFeatures
LogPluginManager: Mounting plugin MagicLeap
LogPluginManager: Mounting plugin MagicLeapLightEstimation
LogPluginManager: Mounting plugin MagicLeapMedia
LogPluginManager: Mounting plugin MagicLeapPassableWorld
LogPluginManager: Mounting plugin MLSDK
LogPluginManager: Mounting plugin AndroidMedia
LogPluginManager: Mounting plugin AvfMedia
LogPluginManager: Mounting plugin ImgMedia
LogPluginManager: Mounting plugin MediaCompositing
LogPluginManager: Mounting plugin MediaPlayerEditor
LogPluginManager: Mounting plugin WebMMedia
LogPluginManager: Mounting plugin WmfMedia
LogPluginManager: Mounting plugin TcpMessaging
LogPluginManager: Mounting plugin UdpMessaging
LogPluginManager: Mounting plugin ActorSequence
LogPluginManager: Mounting plugin LevelSequenceEditor
LogPluginManager: Mounting plugin MatineeToLevelSequence
LogPluginManager: Mounting plugin TemplateSequence
LogPluginManager: Mounting plugin OnlineSubsystem
LogPluginManager: Mounting plugin OnlineSubsystemNull
LogPluginManager: Mounting plugin OnlineSubsystemUtils
LogPluginManager: Mounting plugin ActorLayerUtilities
LogPluginManager: Mounting plugin LauncherChunkInstaller
LogPluginManager: Mounting plugin AndroidDeviceProfileSelector
LogPluginManager: Mounting plugin AndroidMoviePlayer
LogPluginManager: Mounting plugin AndroidPermission
LogPluginManager: Mounting plugin AppleImageUtils
LogPluginManager: Mounting plugin AppleMoviePlayer
LogPluginManager: Mounting plugin ArchVisCharacter
LogPluginManager: Mounting plugin AssetTags
LogPluginManager: Mounting plugin AudioCapture
LogPluginManager: Mounting plugin AudioSynesthesia
LogPluginManager: Mounting plugin CableComponent
LogPluginManager: Mounting plugin ChunkDownloader
LogPluginManager: Mounting plugin CustomMeshComponent
LogPluginManager: Mounting plugin EditableMesh
LogPluginManager: Mounting plugin ExampleDeviceProfileSelector
LogPluginManager: Mounting plugin GoogleCloudMessaging
LogPluginManager: Mounting plugin GooglePAD
LogPluginManager: Mounting plugin IOSDeviceProfileSelector
LogPluginManager: Mounting plugin LinuxDeviceProfileSelector
LogPluginManager: Mounting plugin LocationServicesBPLibrary
LogPluginManager: Mounting plugin MobilePatchingUtils
LogPluginManager: Mounting plugin OpenXR
LogPluginManager: Mounting plugin OpenXREyeTracker
LogPluginManager: Mounting plugin OpenXRHandTracking
LogPluginManager: Mounting plugin PhysXVehicles
LogPluginManager: Mounting plugin PostSplashScreen
LogPluginManager: Mounting plugin ProceduralMeshComponent
LogPluginManager: Mounting plugin PropertyAccessEditor
LogPluginManager: Mounting plugin RuntimePhysXCooking
LogPluginManager: Mounting plugin SignificanceManager
LogPluginManager: Mounting plugin SoundFields
LogPluginManager: Mounting plugin Synthesis
LogPluginManager: Mounting plugin WebMMoviePlayer
LogPluginManager: Mounting plugin WindowsMoviePlayer
LogPluginManager: Mounting plugin ScreenshotTools
LogPluginManager: Mounting plugin Takes
LogPluginManager: Mounting plugin ContentBrowserAssetDataSource
LogPluginManager: Mounting plugin ContentBrowserClassDataSource
LogPluginManager: Mounting plugin ContentBrowserFileDataSource
LogPluginManager: Mounting plugin OnlineSubsystemGooglePlay
LogPluginManager: Mounting plugin OnlineSubsystemIOS
LogPluginManager: Mounting plugin OculusVR
LogPluginManager: Mounting plugin SteamVR
PixWinPlugin: PIX capture plugin failed to initialize! Check that the process is launched from PIX.
LogInit: Using libcurl 7.55.1-DEV
LogInit:  - built for x86_64-pc-win32
LogInit:  - supports SSL with OpenSSL/1.1.1
LogInit:  - supports HTTP deflate (compression) using libz 1.2.8
LogInit:  - other features:
LogInit:      CURL_VERSION_SSL
LogInit:      CURL_VERSION_LIBZ
LogInit:      CURL_VERSION_IPV6
LogInit:      CURL_VERSION_ASYNCHDNS
LogInit:      CURL_VERSION_LARGEFILE
LogInit:      CURL_VERSION_IDN
LogInit:  CurlRequestOptions (configurable via config and command line):
LogInit:  - bVerifyPeer = true  - Libcurl will verify peer certificate
LogInit:  - bUseHttpProxy = false  - Libcurl will NOT use HTTP proxy
LogInit:  - bDontReuseConnections = false  - Libcurl will reuse connections
LogInit:  - MaxHostConnections = 16  - Libcurl will limit the number of connections to a host
LogInit:  - LocalHostAddr = Default
LogInit:  - BufferSize = 65536
LogOnline: OSS: Creating online subsystem instance for: NULL
LogInit: WinSock: version 1.1 (2.2), MaxSocks=32767, MaxUdp=65467
LogOnline: OSS: TryLoadSubsystemAndSetDefault: Loaded subsystem for module [NULL]
LogOculusPluginWrapper: OculusPlugin initialized successfully
LogHMD: Failed initializing OVRPlugin 1.59.0
LogInit: Build: ++UE4+Release-4.27-CL-17735300
LogInit: Engine Version: 4.27.1-17735300+++UE4+Release-4.27
LogInit: Compatible Engine Version: 4.27.0-17155196+++UE4+Release-4.27
LogInit: Net CL: 17155196
LogInit: OS: Windows 10 (Release 2009) (), CPU: Intel(R) Core(TM) i5-7600K CPU @ 3.80GHz, GPU: AMD Radeon RX 5700
LogInit: Compiled (64-bit): Oct  6 2021 14:42:51
LogInit: Compiled with Visual C++: 19.24.28315.00
LogInit: Build Configuration: Development
LogInit: Branch Name: ++UE4+Release-4.27
LogInit: Command Line: 
LogInit: Base Directory: D:/Unreal Engine/UE_4.27/Engine/Binaries/Win64/
LogInit: Allocator: TBB
LogInit: Installed Engine Build: 1
LogDevObjectVersion: Number of dev versions registered: 29
LogDevObjectVersion:   Dev-Blueprints (B0D832E4-1F89-4F0D-ACCF-7EB736FD4AA2): 10
LogDevObjectVersion:   Dev-Build (E1C64328-A22C-4D53-A36C-8E866417BD8C): 0
LogDevObjectVersion:   Dev-Core (375EC13C-06E4-48FB-B500-84F0262A717E): 4
LogDevObjectVersion:   Dev-Editor (E4B068ED-F494-42E9-A231-DA0B2E46BB41): 40
LogDevObjectVersion:   Dev-Framework (CFFC743F-43B0-4480-9391-14DF171D2073): 37
LogDevObjectVersion:   Dev-Mobile (B02B49B5-BB20-44E9-A304-32B752E40360): 3
LogDevObjectVersion:   Dev-Networking (A4E4105C-59A1-49B5-A7C5-40C4547EDFEE): 0
LogDevObjectVersion:   Dev-Online (39C831C9-5AE6-47DC-9A44-9C173E1C8E7C): 0
LogDevObjectVersion:   Dev-Physics (78F01B33-EBEA-4F98-B9B4-84EACCB95AA2): 14
LogDevObjectVersion:   Dev-Platform (6631380F-2D4D-43E0-8009-CF276956A95A): 0
LogDevObjectVersion:   Dev-Rendering (12F88B9F-8875-4AFC-A67C-D90C383ABD29): 45
LogDevObjectVersion:   Dev-Sequencer (7B5AE74C-D270-4C10-A958-57980B212A5A): 13
LogDevObjectVersion:   Dev-VR (D7296918-1DD6-4BDD-9DE2-64A83CC13884): 3
LogDevObjectVersion:   Dev-LoadTimes (C2A15278-BFE7-4AFE-6C17-90FF531DF755): 1
LogDevObjectVersion:   Private-Geometry (6EACA3D4-40EC-4CC1-B786-8BED09428FC5): 3
LogDevObjectVersion:   Dev-AnimPhys (29E575DD-E0A3-4627-9D10-D276232CDCEA): 17
LogDevObjectVersion:   Dev-Anim (AF43A65D-7FD3-4947-9873-3E8ED9C1BB05): 15
LogDevObjectVersion:   Dev-ReflectionCapture (6B266CEC-1EC7-4B8F-A30B-E4D90942FC07): 1
LogDevObjectVersion:   Dev-Automation (0DF73D61-A23F-47EA-B727-89E90C41499A): 1
LogDevObjectVersion:   FortniteMain (601D1886-AC64-4F84-AA16-D3DE0DEAC7D6): 47
LogDevObjectVersion:   FortniteRelease (E7086368-6B23-4C58-8439-1B7016265E91): 1
LogDevObjectVersion:   Dev-Enterprise (9DFFBCD6-494F-0158-E221-12823C92A888): 10
LogDevObjectVersion:   Dev-Niagara (F2AED0AC-9AFE-416F-8664-AA7FFA26D6FC): 1
LogDevObjectVersion:   Dev-Destruction (174F1F0B-B4C6-45A5-B13F-2EE8D0FB917D): 10
LogDevObjectVersion:   Dev-Physics-Ext (35F94A83-E258-406C-A318-09F59610247C): 41
LogDevObjectVersion:   Dev-PhysicsMaterial-Chaos (B68FC16E-8B1B-42E2-B453-215C058844FE): 1
LogDevObjectVersion:   Dev-CineCamera (B2E18506-4273-CFC2-A54E-F4BB758BBA07): 1
LogDevObjectVersion:   Dev-VirtualProduction (64F58936-FD1B-42BA-BA96-7289D5D0FA4E): 1
LogDevObjectVersion:   Dev-MediaFramework (6F0ED827-A609-4895-9C91-998D90180EA4): 2
LogInit: Presizing for max 25165824 objects, including 0 objects not considered by GC, pre-allocating 0 bytes for permanent pool.
LogConfig: Applying CVar settings from Section [/Script/Engine.StreamingSettings] File [D:/Unreal Engine/Projects/Lamplighter/Lamplighter/Saved/Config/Windows/Engine.ini]
LogConfig: Setting CVar [[s.MinBulkDataSizeForAsyncLoading:131072]]
LogConfig: Setting CVar [[s.AsyncLoadingThreadEnabled:0]]
LogConfig: Setting CVar [[s.EventDrivenLoaderEnabled:1]]
LogConfig: Setting CVar [[s.WarnIfTimeLimitExceeded:0]]
LogConfig: Setting CVar [[s.TimeLimitExceededMultiplier:1.5]]
LogConfig: Setting CVar [[s.TimeLimitExceededMinTime:0.005]]
LogConfig: Setting CVar [[s.UseBackgroundLevelStreaming:1]]
LogConfig: Setting CVar [[s.PriorityAsyncLoadingExtraTime:15.0]]
LogConfig: Setting CVar [[s.LevelStreamingActorsUpdateTimeLimit:5.0]]
LogConfig: Setting CVar [[s.PriorityLevelStreamingActorsUpdateExtraTime:5.0]]
LogConfig: Setting CVar [[s.LevelStreamingComponentsRegistrationGranularity:10]]
LogConfig: Setting CVar [[s.UnregisterComponentsTimeLimit:1.0]]
LogConfig: Setting CVar [[s.LevelStreamingComponentsUnregistrationGranularity:5]]
LogConfig: Setting CVar [[s.FlushStreamingOnExit:1]]
LogInit: Object subsystem initialized
LogConfig: Setting CVar [[con.DebugEarlyDefault:1]]
LogConfig: Setting CVar [[r.setres:1280x720]]
[2021.11.07-00.12.01:174][  0]LogConfig: Setting CVar [[r.VSync:0]]
[2021.11.07-00.12.01:174][  0]LogConfig: Setting CVar [[r.RHICmdBypass:0]]
[2021.11.07-00.12.01:174][  0]LogConfig: Applying CVar settings from Section [/Script/Engine.RendererSettings] File [D:/Unreal Engine/Projects/Lamplighter/Lamplighter/Saved/Config/Windows/Engine.ini]
[2021.11.07-00.12.01:174][  0]LogConfig: Setting CVar [[r.GPUCrashDebugging:0]]
[2021.11.07-00.12.01:174][  0]LogConfig: Applying CVar settings from Section [/Script/Engine.RendererOverrideSettings] File [D:/Unreal Engine/Projects/Lamplighter/Lamplighter/Saved/Config/Windows/Engine.ini]
[2021.11.07-00.12.01:174][  0]LogConfig: Applying CVar settings from Section [/Script/Engine.StreamingSettings] File [D:/Unreal Engine/Projects/Lamplighter/Lamplighter/Saved/Config/Windows/Engine.ini]
[2021.11.07-00.12.01:174][  0]LogConfig: Setting CVar [[s.MinBulkDataSizeForAsyncLoading:131072]]
[2021.11.07-00.12.01:174][  0]LogConfig: Setting CVar [[s.AsyncLoadingThreadEnabled:0]]
[2021.11.07-00.12.01:174][  0]LogConfig: Setting CVar [[s.EventDrivenLoaderEnabled:1]]
[2021.11.07-00.12.01:174][  0]LogConfig: Setting CVar [[s.WarnIfTimeLimitExceeded:0]]
[2021.11.07-00.12.01:174][  0]LogConfig: Setting CVar [[s.TimeLimitExceededMultiplier:1.5]]
[2021.11.07-00.12.01:174][  0]LogConfig: Setting CVar [[s.TimeLimitExceededMinTime:0.005]]
[2021.11.07-00.12.01:174][  0]LogConfig: Setting CVar [[s.UseBackgroundLevelStreaming:1]]
[2021.11.07-00.12.01:174][  0]LogConfig: Setting CVar [[s.PriorityAsyncLoadingExtraTime:15.0]]
[2021.11.07-00.12.01:174][  0]LogConfig: Setting CVar [[s.LevelStreamingActorsUpdateTimeLimit:5.0]]
[2021.11.07-00.12.01:174][  0]LogConfig: Setting CVar [[s.PriorityLevelStreamingActorsUpdateExtraTime:5.0]]
[2021.11.07-00.12.01:174][  0]LogConfig: Setting CVar [[s.LevelStreamingComponentsRegistrationGranularity:10]]
[2021.11.07-00.12.01:174][  0]LogConfig: Setting CVar [[s.UnregisterComponentsTimeLimit:1.0]]
[2021.11.07-00.12.01:174][  0]LogConfig: Setting CVar [[s.LevelStreamingComponentsUnregistrationGranularity:5]]
[2021.11.07-00.12.01:174][  0]LogConfig: Setting CVar [[s.FlushStreamingOnExit:1]]
[2021.11.07-00.12.01:174][  0]LogConfig: Applying CVar settings from Section [/Script/Engine.GarbageCollectionSettings] File [D:/Unreal Engine/Projects/Lamplighter/Lamplighter/Saved/Config/Windows/Engine.ini]
[2021.11.07-00.12.01:174][  0]LogConfig: Setting CVar [[gc.MaxObjectsNotConsideredByGC:1]]
[2021.11.07-00.12.01:174][  0]LogConfig: Setting CVar [[gc.SizeOfPermanentObjectPool:0]]
[2021.11.07-00.12.01:174][  0]LogConfig: Setting CVar [[gc.FlushStreamingOnGC:0]]
[2021.11.07-00.12.01:174][  0]LogConfig: Setting CVar [[gc.NumRetriesBeforeForcingGC:10]]
[2021.11.07-00.12.01:174][  0]LogConfig: Setting CVar [[gc.AllowParallelGC:1]]
[2021.11.07-00.12.01:174][  0]LogConfig: Setting CVar [[gc.TimeBetweenPurgingPendingKillObjects:61.1]]
[2021.11.07-00.12.01:174][  0]LogConfig: Setting CVar [[gc.MaxObjectsInEditor:25165824]]
[2021.11.07-00.12.01:174][  0]LogConfig: Setting CVar [[gc.IncrementalBeginDestroyEnabled:1]]
[2021.11.07-00.12.01:174][  0]LogConfig: Setting CVar [[gc.CreateGCClusters:1]]
[2021.11.07-00.12.01:174][  0]LogConfig: Setting CVar [[gc.MinGCClusterSize:5]]
[2021.11.07-00.12.01:174][  0]LogConfig: Setting CVar [[gc.ActorClusteringEnabled:0]]
[2021.11.07-00.12.01:174][  0]LogConfig: Setting CVar [[gc.BlueprintClusteringEnabled:0]]
[2021.11.07-00.12.01:174][  0]LogConfig: Setting CVar [[gc.UseDisregardForGCOnDedicatedServers:0]]
[2021.11.07-00.12.01:174][  0]LogConfig: Setting CVar [[gc.MultithreadedDestructionEnabled:1]]
[2021.11.07-00.12.01:174][  0]LogConfig: Applying CVar settings from Section [/Script/Engine.NetworkSettings] File [D:/Unreal Engine/Projects/Lamplighter/Lamplighter/Saved/Config/Windows/Engine.ini]
[2021.11.07-00.12.01:174][  0]LogConfig: Applying CVar settings from Section [/Script/UnrealEd.CookerSettings] File [D:/Unreal Engine/Projects/Lamplighter/Lamplighter/Saved/Config/Windows/Engine.ini]
[2021.11.07-00.12.01:188][  0]LogConfig: Applying CVar settings from Section [ViewDistanceQuality@3] File [D:/Unreal Engine/Projects/Lamplighter/Lamplighter/Saved/Config/Windows/Scalability.ini]
[2021.11.07-00.12.01:188][  0]LogConfig: Setting CVar [[r.SkeletalMeshLODBias:0]]
[2021.11.07-00.12.01:188][  0]LogConfig: Setting CVar [[r.ViewDistanceScale:1.0]]
[2021.11.07-00.12.01:188][  0]LogConfig: Applying CVar settings from Section [AntiAliasingQuality@3] File [D:/Unreal Engine/Projects/Lamplighter/Lamplighter/Saved/Config/Windows/Scalability.ini]
[2021.11.07-00.12.01:188][  0]LogConfig: Setting CVar [[r.PostProcessAAQuality:4]]
[2021.11.07-00.12.01:188][  0]LogConfig: Applying CVar settings from Section [ShadowQuality@3] File [D:/Unreal Engine/Projects/Lamplighter/Lamplighter/Saved/Config/Windows/Scalability.ini]
[2021.11.07-00.12.01:188][  0]LogConfig: Setting CVar [[r.LightFunctionQuality:1]]
[2021.11.07-00.12.01:188][  0]LogConfig: Setting CVar [[r.ShadowQuality:5]]
[2021.11.07-00.12.01:188][  0]LogConfig: Setting CVar [[r.Shadow.CSM.MaxCascades:10]]
[2021.11.07-00.12.01:188][  0]LogConfig: Setting CVar [[r.Shadow.MaxResolution:2048]]
[2021.11.07-00.12.01:188][  0]LogConfig: Setting CVar [[r.Shadow.MaxCSMResolution:2048]]
[2021.11.07-00.12.01:188][  0]LogConfig: Setting CVar [[r.Shadow.RadiusThreshold:0.01]]
[2021.11.07-00.12.01:188][  0]LogConfig: Setting CVar [[r.Shadow.DistanceScale:1.0]]
[2021.11.07-00.12.01:188][  0]LogConfig: Setting CVar [[r.Shadow.CSM.TransitionScale:1.0]]
[2021.11.07-00.12.01:188][  0]LogConfig: Setting CVar [[r.Shadow.PreShadowResolutionFactor:1.0]]
[2021.11.07-00.12.01:188][  0]LogConfig: Setting CVar [[r.DistanceFieldShadowing:1]]
[2021.11.07-00.12.01:188][  0]LogConfig: Setting CVar [[r.DistanceFieldAO:1]]
[2021.11.07-00.12.01:188][  0]LogConfig: Setting CVar [[r.AOQuality:2]]
[2021.11.07-00.12.01:188][  0]LogConfig: Setting CVar [[r.VolumetricFog:1]]
[2021.11.07-00.12.01:188][  0]LogConfig: Setting CVar [[r.VolumetricFog.GridPixelSize:8]]
[2021.11.07-00.12.01:188][  0]LogConfig: Setting CVar [[r.VolumetricFog.GridSizeZ:128]]
[2021.11.07-00.12.01:188][  0]LogConfig: Setting CVar [[r.VolumetricFog.HistoryMissSupersampleCount:4]]
[2021.11.07-00.12.01:188][  0]LogConfig: Setting CVar [[r.LightMaxDrawDistanceScale:1]]
[2021.11.07-00.12.01:188][  0]LogConfig: Setting CVar [[r.CapsuleShadows:1]]
[2021.11.07-00.12.01:188][  0]LogConfig: Applying CVar settings from Section [PostProcessQuality@3] File [D:/Unreal Engine/Projects/Lamplighter/Lamplighter/Saved/Config/Windows/Scalability.ini]
[2021.11.07-00.12.01:188][  0]LogConfig: Setting CVar [[r.MotionBlurQuality:4]]
[2021.11.07-00.12.01:188][  0]LogConfig: Setting CVar [[r.AmbientOcclusionMipLevelFactor:0.4]]
[2021.11.07-00.12.01:188][  0]LogConfig: Setting CVar [[r.AmbientOcclusionMaxQuality:100]]
[2021.11.07-00.12.01:188][  0]LogConfig: Setting CVar [[r.AmbientOcclusionLevels:-1]]
[2021.11.07-00.12.01:188][  0]LogConfig: Setting CVar [[r.AmbientOcclusionRadiusScale:1.0]]
[2021.11.07-00.12.01:188][  0]LogConfig: Setting CVar [[r.DepthOfFieldQuality:2]]
[2021.11.07-00.12.01:188][  0]LogConfig: Setting CVar [[r.RenderTargetPoolMin:400]]
[2021.11.07-00.12.01:188][  0]LogConfig: Setting CVar [[r.LensFlareQuality:2]]
[2021.11.07-00.12.01:188][  0]LogConfig: Setting CVar [[r.SceneColorFringeQuality:1]]
[2021.11.07-00.12.01:188][  0]LogConfig: Setting CVar [[r.EyeAdaptationQuality:2]]
[2021.11.07-00.12.01:188][  0]LogConfig: Setting CVar [[r.BloomQuality:5]]
[2021.11.07-00.12.01:188][  0]LogConfig: Setting CVar [[r.FastBlurThreshold:100]]
[2021.11.07-00.12.01:188][  0]LogConfig: Setting CVar [[r.Upscale.Quality:3]]
[2021.11.07-00.12.01:188][  0]LogConfig: Setting CVar [[r.Tonemapper.GrainQuantization:1]]
[2021.11.07-00.12.01:188][  0]LogConfig: Setting CVar [[r.LightShaftQuality:1]]
[2021.11.07-00.12.01:188][  0]LogConfig: Setting CVar [[r.Filter.SizeScale:1]]
[2021.11.07-00.12.01:188][  0]LogConfig: Setting CVar [[r.Tonemapper.Quality:5]]
[2021.11.07-00.12.01:188][  0]LogConfig: Setting CVar [[r.DOF.Gather.AccumulatorQuality:1        ; higher gathering accumulator quality]]
[2021.11.07-00.12.01:188][  0]LogConfig: Setting CVar [[r.DOF.Gather.PostfilterMethod:1          ; Median3x3 postfilering method]]
[2021.11.07-00.12.01:188][  0]LogConfig: Setting CVar [[r.DOF.Gather.EnableBokehSettings:0       ; no bokeh simulation when gathering]]
[2021.11.07-00.12.01:188][  0]LogConfig: Setting CVar [[r.DOF.Gather.RingCount:4                 ; medium number of samples when gathering]]
[2021.11.07-00.12.01:188][  0]LogConfig: Setting CVar [[r.DOF.Scatter.ForegroundCompositing:1    ; additive foreground scattering]]
[2021.11.07-00.12.01:188][  0]LogConfig: Setting CVar [[r.DOF.Scatter.BackgroundCompositing:2    ; additive background scattering]]
[2021.11.07-00.12.01:188][  0]LogConfig: Setting CVar [[r.DOF.Scatter.EnableBokehSettings:1      ; bokeh simulation when scattering]]
[2021.11.07-00.12.01:188][  0]LogConfig: Setting CVar [[r.DOF.Scatter.MaxSpriteRatio:0.1         ; only a maximum of 10% of scattered bokeh]]
[2021.11.07-00.12.01:188][  0]LogConfig: Setting CVar [[r.DOF.Recombine.Quality:1                ; cheap slight out of focus]]
[2021.11.07-00.12.01:188][  0]LogConfig: Setting CVar [[r.DOF.Recombine.EnableBokehSettings:0    ; no bokeh simulation on slight out of focus]]
[2021.11.07-00.12.01:188][  0]LogConfig: Setting CVar [[r.DOF.TemporalAAQuality:1                ; more stable temporal accumulation]]
[2021.11.07-00.12.01:188][  0]LogConfig: Setting CVar [[r.DOF.Kernel.MaxForegroundRadius:0.025]]
[2021.11.07-00.12.01:188][  0]LogConfig: Setting CVar [[r.DOF.Kernel.MaxBackgroundRadius:0.025]]
[2021.11.07-00.12.01:188][  0]LogConfig: Applying CVar settings from Section [TextureQuality@3] File [D:/Unreal Engine/Projects/Lamplighter/Lamplighter/Saved/Config/Windows/Scalability.ini]
[2021.11.07-00.12.01:188][  0]LogConfig: Setting CVar [[r.Streaming.MipBias:0]]
[2021.11.07-00.12.01:188][  0]LogConfig: Setting CVar [[r.Streaming.AmortizeCPUToGPUCopy:0]]
[2021.11.07-00.12.01:188][  0]LogConfig: Setting CVar [[r.Streaming.MaxNumTexturesToStreamPerFrame:0]]
[2021.11.07-00.12.01:188][  0]LogConfig: Setting CVar [[r.Streaming.Boost:1]]
[2021.11.07-00.12.01:188][  0]LogConfig: Setting CVar [[r.MaxAnisotropy:8]]
[2021.11.07-00.12.01:188][  0]LogConfig: Setting CVar [[r.VT.MaxAnisotropy:8]]
[2021.11.07-00.12.01:188][  0]LogConfig: Setting CVar [[r.Streaming.LimitPoolSizeToVRAM:0]]
[2021.11.07-00.12.01:188][  0]LogConfig: Setting CVar [[r.Streaming.PoolSize:1000]]
[2021.11.07-00.12.01:188][  0]LogConfig: Setting CVar [[r.Streaming.MaxEffectiveScreenSize:0]]
[2021.11.07-00.12.01:188][  0]LogConfig: Applying CVar settings from Section [EffectsQuality@3] File [D:/Unreal Engine/Projects/Lamplighter/Lamplighter/Saved/Config/Windows/Scalability.ini]
[2021.11.07-00.12.01:188][  0]LogConfig: Setting CVar [[r.TranslucencyLightingVolumeDim:64]]
[2021.11.07-00.12.01:188][  0]LogConfig: Setting CVar [[r.RefractionQuality:2]]
[2021.11.07-00.12.01:188][  0]LogConfig: Setting CVar [[r.SSR.Quality:3]]
[2021.11.07-00.12.01:188][  0]LogConfig: Setting CVar [[r.SSR.HalfResSceneColor:0]]
[2021.11.07-00.12.01:188][  0]LogConfig: Setting CVar [[r.SceneColorFormat:4]]
[2021.11.07-00.12.01:188][  0]LogConfig: Setting CVar [[r.DetailMode:2]]
[2021.11.07-00.12.01:188][  0]LogConfig: Setting CVar [[r.TranslucencyVolumeBlur:1]]
[2021.11.07-00.12.01:188][  0]LogConfig: Setting CVar [[r.MaterialQualityLevel:1 ; High quality]]
[2021.11.07-00.12.01:188][  0]LogConfig: Setting CVar [[r.AnisotropicMaterials:1]]
[2021.11.07-00.12.01:188][  0]LogConfig: Setting CVar [[r.SSS.Scale:1]]
[2021.11.07-00.12.01:188][  0]LogConfig: Setting CVar [[r.SSS.SampleSet:2]]
[2021.11.07-00.12.01:188][  0]LogConfig: Setting CVar [[r.SSS.Quality:1]]
[2021.11.07-00.12.01:188][  0]LogConfig: Setting CVar [[r.SSS.HalfRes:0]]
[2021.11.07-00.12.01:189][  0]LogConfig: Setting CVar [[r.SSGI.Quality:3]]
[2021.11.07-00.12.01:189][  0]LogConfig: Setting CVar [[r.EmitterSpawnRateScale:1.0]]
[2021.11.07-00.12.01:189][  0]LogConfig: Setting CVar [[r.ParticleLightQuality:2]]
[2021.11.07-00.12.01:189][  0]LogConfig: Setting CVar [[r.SkyAtmosphere.AerialPerspectiveLUT.FastApplyOnOpaque:1 ; Always have FastSkyLUT 1 in this case to avoid wrong sky]]
[2021.11.07-00.12.01:189][  0]LogConfig: Setting CVar [[r.SkyAtmosphere.AerialPerspectiveLUT.SampleCountMaxPerSlice:4]]
[2021.11.07-00.12.01:189][  0]LogConfig: Setting CVar [[r.SkyAtmosphere.AerialPerspectiveLUT.DepthResolution:16.0]]
[2021.11.07-00.12.01:189][  0]LogConfig: Setting CVar [[r.SkyAtmosphere.FastSkyLUT:1]]
[2021.11.07-00.12.01:189][  0]LogConfig: Setting CVar [[r.SkyAtmosphere.FastSkyLUT.SampleCountMin:4.0]]
[2021.11.07-00.12.01:189][  0]LogConfig: Setting CVar [[r.SkyAtmosphere.FastSkyLUT.SampleCountMax:128.0]]
[2021.11.07-00.12.01:189][  0]LogConfig: Setting CVar [[r.SkyAtmosphere.SampleCountMin:4.0]]
[2021.11.07-00.12.01:189][  0]LogConfig: Setting CVar [[r.SkyAtmosphere.SampleCountMax:128.0]]
[2021.11.07-00.12.01:189][  0]LogConfig: Setting CVar [[r.SkyAtmosphere.TransmittanceLUT.UseSmallFormat:0]]
[2021.11.07-00.12.01:189][  0]LogConfig: Setting CVar [[r.SkyAtmosphere.TransmittanceLUT.SampleCount:10.0]]
[2021.11.07-00.12.01:189][  0]LogConfig: Setting CVar [[r.SkyAtmosphere.MultiScatteringLUT.SampleCount:15.0]]
[2021.11.07-00.12.01:189][  0]LogConfig: Setting CVar [[r.SkyLight.RealTimeReflectionCapture:1]]
[2021.11.07-00.12.01:189][  0]LogConfig: Applying CVar settings from Section [FoliageQuality@3] File [D:/Unreal Engine/Projects/Lamplighter/Lamplighter/Saved/Config/Windows/Scalability.ini]
[2021.11.07-00.12.01:189][  0]LogConfig: Setting CVar [[foliage.DensityScale:1.0]]
[2021.11.07-00.12.01:189][  0]LogConfig: Setting CVar [[grass.DensityScale:1.0]]
[2021.11.07-00.12.01:189][  0]LogConfig: Applying CVar settings from Section [ShadingQuality@3] File [D:/Unreal Engine/Projects/Lamplighter/Lamplighter/Saved/Config/Windows/Scalability.ini]
[2021.11.07-00.12.01:189][  0]LogConfig: Setting CVar [[r.HairStrands.SkyLighting.IntegrationType:2]]
[2021.11.07-00.12.01:189][  0]LogConfig: Setting CVar [[r.HairStrands.SkyAO.SampleCount:4]]
[2021.11.07-00.12.01:189][  0]LogConfig: Setting CVar [[r.HairStrands.Visibility.MSAA.SamplePerPixel:4]]
[2021.11.07-00.12.01:189][  0]LogInit: Selected Device Profile: [Windows]
[2021.11.07-00.12.01:189][  0]LogInit: Applying CVar settings loaded from the selected device profile: [Windows]
[2021.11.07-00.12.01:189][  0]LogHAL: Display: Platform has ~ 16 GB [17142882304 / 17179869184 / 16], which maps to Larger [LargestMinGB=32, LargerMinGB=12, DefaultMinGB=8, SmallerMinGB=6, SmallestMinGB=0)
[2021.11.07-00.12.01:189][  0]LogInit: Going up to parent DeviceProfile []
[2021.11.07-00.12.01:189][  0]LogConfig: Applying CVar settings from Section [ViewDistanceQuality@3] File [D:/Unreal Engine/Projects/Lamplighter/Lamplighter/Saved/Config/Windows/Scalability.ini]
[2021.11.07-00.12.01:189][  0]LogConfig: Setting CVar [[r.SkeletalMeshLODBias:0]]
[2021.11.07-00.12.01:189][  0]LogConfig: Setting CVar [[r.ViewDistanceScale:1.0]]
[2021.11.07-00.12.01:189][  0]LogConfig: Applying CVar settings from Section [AntiAliasingQuality@3] File [D:/Unreal Engine/Projects/Lamplighter/Lamplighter/Saved/Config/Windows/Scalability.ini]
[2021.11.07-00.12.01:189][  0]LogConfig: Setting CVar [[r.PostProcessAAQuality:4]]
[2021.11.07-00.12.01:189][  0]LogConfig: Applying CVar settings from Section [ShadowQuality@3] File [D:/Unreal Engine/Projects/Lamplighter/Lamplighter/Saved/Config/Windows/Scalability.ini]
[2021.11.07-00.12.01:189][  0]LogConfig: Setting CVar [[r.LightFunctionQuality:1]]
[2021.11.07-00.12.01:189][  0]LogConfig: Setting CVar [[r.ShadowQuality:5]]
[2021.11.07-00.12.01:189][  0]LogConfig: Setting CVar [[r.Shadow.CSM.MaxCascades:10]]
[2021.11.07-00.12.01:189][  0]LogConfig: Setting CVar [[r.Shadow.MaxResolution:2048]]
[2021.11.07-00.12.01:189][  0]LogConfig: Setting CVar [[r.Shadow.MaxCSMResolution:2048]]
[2021.11.07-00.12.01:189][  0]LogConfig: Setting CVar [[r.Shadow.RadiusThreshold:0.01]]
[2021.11.07-00.12.01:189][  0]LogConfig: Setting CVar [[r.Shadow.DistanceScale:1.0]]
[2021.11.07-00.12.01:189][  0]LogConfig: Setting CVar [[r.Shadow.CSM.TransitionScale:1.0]]
[2021.11.07-00.12.01:189][  0]LogConfig: Setting CVar [[r.Shadow.PreShadowResolutionFactor:1.0]]
[2021.11.07-00.12.01:189][  0]LogConfig: Setting CVar [[r.DistanceFieldShadowing:1]]
[2021.11.07-00.12.01:189][  0]LogConfig: Setting CVar [[r.DistanceFieldAO:1]]
[2021.11.07-00.12.01:189][  0]LogConfig: Setting CVar [[r.AOQuality:2]]
[2021.11.07-00.12.01:189][  0]LogConfig: Setting CVar [[r.VolumetricFog:1]]
[2021.11.07-00.12.01:189][  0]LogConfig: Setting CVar [[r.VolumetricFog.GridPixelSize:8]]
[2021.11.07-00.12.01:189][  0]LogConfig: Setting CVar [[r.VolumetricFog.GridSizeZ:128]]
[2021.11.07-00.12.01:189][  0]LogConfig: Setting CVar [[r.VolumetricFog.HistoryMissSupersampleCount:4]]
[2021.11.07-00.12.01:189][  0]LogConfig: Setting CVar [[r.LightMaxDrawDistanceScale:1]]
[2021.11.07-00.12.01:189][  0]LogConfig: Setting CVar [[r.CapsuleShadows:1]]
[2021.11.07-00.12.01:189][  0]LogConfig: Applying CVar settings from Section [PostProcessQuality@3] File [D:/Unreal Engine/Projects/Lamplighter/Lamplighter/Saved/Config/Windows/Scalability.ini]
[2021.11.07-00.12.01:189][  0]LogConfig: Setting CVar [[r.MotionBlurQuality:4]]
[2021.11.07-00.12.01:189][  0]LogConfig: Setting CVar [[r.AmbientOcclusionMipLevelFactor:0.4]]
[2021.11.07-00.12.01:189][  0]LogConfig: Setting CVar [[r.AmbientOcclusionMaxQuality:100]]
[2021.11.07-00.12.01:189][  0]LogConfig: Setting CVar [[r.AmbientOcclusionLevels:-1]]
[2021.11.07-00.12.01:189][  0]LogConfig: Setting CVar [[r.AmbientOcclusionRadiusScale:1.0]]
[2021.11.07-00.12.01:189][  0]LogConfig: Setting CVar [[r.DepthOfFieldQuality:2]]
[2021.11.07-00.12.01:189][  0]LogConfig: Setting CVar [[r.RenderTargetPoolMin:400]]
[2021.11.07-00.12.01:189][  0]LogConfig: Setting CVar [[r.LensFlareQuality:2]]
[2021.11.07-00.12.01:189][  0]LogConfig: Setting CVar [[r.SceneColorFringeQuality:1]]
[2021.11.07-00.12.01:189][  0]LogConfig: Setting CVar [[r.EyeAdaptationQuality:2]]
[2021.11.07-00.12.01:189][  0]LogConfig: Setting CVar [[r.BloomQuality:5]]
[2021.11.07-00.12.01:189][  0]LogConfig: Setting CVar [[r.FastBlurThreshold:100]]
[2021.11.07-00.12.01:189][  0]LogConfig: Setting CVar [[r.Upscale.Quality:3]]
[2021.11.07-00.12.01:189][  0]LogConfig: Setting CVar [[r.Tonemapper.GrainQuantization:1]]
[2021.11.07-00.12.01:189][  0]LogConfig: Setting CVar [[r.LightShaftQuality:1]]
[2021.11.07-00.12.01:189][  0]LogConfig: Setting CVar [[r.Filter.SizeScale:1]]
[2021.11.07-00.12.01:189][  0]LogConfig: Setting CVar [[r.Tonemapper.Quality:5]]
[2021.11.07-00.12.01:189][  0]LogConfig: Setting CVar [[r.DOF.Gather.AccumulatorQuality:1        ; higher gathering accumulator quality]]
[2021.11.07-00.12.01:189][  0]LogConfig: Setting CVar [[r.DOF.Gather.PostfilterMethod:1          ; Median3x3 postfilering method]]
[2021.11.07-00.12.01:189][  0]LogConfig: Setting CVar [[r.DOF.Gather.EnableBokehSettings:0       ; no bokeh simulation when gathering]]
[2021.11.07-00.12.01:190][  0]LogConfig: Setting CVar [[r.DOF.Gather.RingCount:4                 ; medium number of samples when gathering]]
[2021.11.07-00.12.01:190][  0]LogConfig: Setting CVar [[r.DOF.Scatter.ForegroundCompositing:1    ; additive foreground scattering]]
[2021.11.07-00.12.01:190][  0]LogConfig: Setting CVar [[r.DOF.Scatter.BackgroundCompositing:2    ; additive background scattering]]
[2021.11.07-00.12.01:190][  0]LogConfig: Setting CVar [[r.DOF.Scatter.EnableBokehSettings:1      ; bokeh simulation when scattering]]
[2021.11.07-00.12.01:190][  0]LogConfig: Setting CVar [[r.DOF.Scatter.MaxSpriteRatio:0.1         ; only a maximum of 10% of scattered bokeh]]
[2021.11.07-00.12.01:190][  0]LogConfig: Setting CVar [[r.DOF.Recombine.Quality:1                ; cheap slight out of focus]]
[2021.11.07-00.12.01:190][  0]LogConfig: Setting CVar [[r.DOF.Recombine.EnableBokehSettings:0    ; no bokeh simulation on slight out of focus]]
[2021.11.07-00.12.01:190][  0]LogConfig: Setting CVar [[r.DOF.TemporalAAQuality:1                ; more stable temporal accumulation]]
[2021.11.07-00.12.01:190][  0]LogConfig: Setting CVar [[r.DOF.Kernel.MaxForegroundRadius:0.025]]
[2021.11.07-00.12.01:190][  0]LogConfig: Setting CVar [[r.DOF.Kernel.MaxBackgroundRadius:0.025]]
[2021.11.07-00.12.01:190][  0]LogConfig: Applying CVar settings from Section [TextureQuality@3] File [D:/Unreal Engine/Projects/Lamplighter/Lamplighter/Saved/Config/Windows/Scalability.ini]
[2021.11.07-00.12.01:190][  0]LogConfig: Setting CVar [[r.Streaming.MipBias:0]]
[2021.11.07-00.12.01:190][  0]LogConfig: Setting CVar [[r.Streaming.AmortizeCPUToGPUCopy:0]]
[2021.11.07-00.12.01:190][  0]LogConfig: Setting CVar [[r.Streaming.MaxNumTexturesToStreamPerFrame:0]]
[2021.11.07-00.12.01:190][  0]LogConfig: Setting CVar [[r.Streaming.Boost:1]]
[2021.11.07-00.12.01:190][  0]LogConfig: Setting CVar [[r.MaxAnisotropy:8]]
[2021.11.07-00.12.01:190][  0]LogConfig: Setting CVar [[r.VT.MaxAnisotropy:8]]
[2021.11.07-00.12.01:190][  0]LogConfig: Setting CVar [[r.Streaming.LimitPoolSizeToVRAM:0]]
[2021.11.07-00.12.01:190][  0]LogConfig: Setting CVar [[r.Streaming.PoolSize:1000]]
[2021.11.07-00.12.01:190][  0]LogConfig: Setting CVar [[r.Streaming.MaxEffectiveScreenSize:0]]
[2021.11.07-00.12.01:190][  0]LogConfig: Applying CVar settings from Section [EffectsQuality@3] File [D:/Unreal Engine/Projects/Lamplighter/Lamplighter/Saved/Config/Windows/Scalability.ini]
[2021.11.07-00.12.01:190][  0]LogConfig: Setting CVar [[r.TranslucencyLightingVolumeDim:64]]
[2021.11.07-00.12.01:190][  0]LogConfig: Setting CVar [[r.RefractionQuality:2]]
[2021.11.07-00.12.01:190][  0]LogConfig: Setting CVar [[r.SSR.Quality:3]]
[2021.11.07-00.12.01:190][  0]LogConfig: Setting CVar [[r.SSR.HalfResSceneColor:0]]
[2021.11.07-00.12.01:190][  0]LogConfig: Setting CVar [[r.SceneColorFormat:4]]
[2021.11.07-00.12.01:190][  0]LogConfig: Setting CVar [[r.DetailMode:2]]
[2021.11.07-00.12.01:190][  0]LogConfig: Setting CVar [[r.TranslucencyVolumeBlur:1]]
[2021.11.07-00.12.01:190][  0]LogConfig: Setting CVar [[r.MaterialQualityLevel:1 ; High quality]]
[2021.11.07-00.12.01:190][  0]LogConfig: Setting CVar [[r.AnisotropicMaterials:1]]
[2021.11.07-00.12.01:190][  0]LogConfig: Setting CVar [[r.SSS.Scale:1]]
[2021.11.07-00.12.01:190][  0]LogConfig: Setting CVar [[r.SSS.SampleSet:2]]
[2021.11.07-00.12.01:190][  0]LogConfig: Setting CVar [[r.SSS.Quality:1]]
[2021.11.07-00.12.01:190][  0]LogConfig: Setting CVar [[r.SSS.HalfRes:0]]
[2021.11.07-00.12.01:190][  0]LogConfig: Setting CVar [[r.SSGI.Quality:3]]
[2021.11.07-00.12.01:190][  0]LogConfig: Setting CVar [[r.EmitterSpawnRateScale:1.0]]
[2021.11.07-00.12.01:190][  0]LogConfig: Setting CVar [[r.ParticleLightQuality:2]]
[2021.11.07-00.12.01:190][  0]LogConfig: Setting CVar [[r.SkyAtmosphere.AerialPerspectiveLUT.FastApplyOnOpaque:1 ; Always have FastSkyLUT 1 in this case to avoid wrong sky]]
[2021.11.07-00.12.01:190][  0]LogConfig: Setting CVar [[r.SkyAtmosphere.AerialPerspectiveLUT.SampleCountMaxPerSlice:4]]
[2021.11.07-00.12.01:190][  0]LogConfig: Setting CVar [[r.SkyAtmosphere.AerialPerspectiveLUT.DepthResolution:16.0]]
[2021.11.07-00.12.01:190][  0]LogConfig: Setting CVar [[r.SkyAtmosphere.FastSkyLUT:1]]
[2021.11.07-00.12.01:190][  0]LogConfig: Setting CVar [[r.SkyAtmosphere.FastSkyLUT.SampleCountMin:4.0]]
[2021.11.07-00.12.01:190][  0]LogConfig: Setting CVar [[r.SkyAtmosphere.FastSkyLUT.SampleCountMax:128.0]]
[2021.11.07-00.12.01:190][  0]LogConfig: Setting CVar [[r.SkyAtmosphere.SampleCountMin:4.0]]
[2021.11.07-00.12.01:190][  0]LogConfig: Setting CVar [[r.SkyAtmosphere.SampleCountMax:128.0]]
[2021.11.07-00.12.01:190][  0]LogConfig: Setting CVar [[r.SkyAtmosphere.TransmittanceLUT.UseSmallFormat:0]]
[2021.11.07-00.12.01:190][  0]LogConfig: Setting CVar [[r.SkyAtmosphere.TransmittanceLUT.SampleCount:10.0]]
[2021.11.07-00.12.01:190][  0]LogConfig: Setting CVar [[r.SkyAtmosphere.MultiScatteringLUT.SampleCount:15.0]]
[2021.11.07-00.12.01:190][  0]LogConfig: Setting CVar [[r.SkyLight.RealTimeReflectionCapture:1]]
[2021.11.07-00.12.01:190][  0]LogConfig: Applying CVar settings from Section [FoliageQuality@3] File [D:/Unreal Engine/Projects/Lamplighter/Lamplighter/Saved/Config/Windows/Scalability.ini]
[2021.11.07-00.12.01:190][  0]LogConfig: Setting CVar [[foliage.DensityScale:1.0]]
[2021.11.07-00.12.01:190][  0]LogConfig: Setting CVar [[grass.DensityScale:1.0]]
[2021.11.07-00.12.01:190][  0]LogConfig: Applying CVar settings from Section [ShadingQuality@3] File [D:/Unreal Engine/Projects/Lamplighter/Lamplighter/Saved/Config/Windows/Scalability.ini]
[2021.11.07-00.12.01:190][  0]LogConfig: Setting CVar [[r.HairStrands.SkyLighting.IntegrationType:2]]
[2021.11.07-00.12.01:190][  0]LogConfig: Setting CVar [[r.HairStrands.SkyAO.SampleCount:4]]
[2021.11.07-00.12.01:190][  0]LogConfig: Setting CVar [[r.HairStrands.Visibility.MSAA.SamplePerPixel:4]]
[2021.11.07-00.12.01:190][  0]LogConfig: Applying CVar settings from Section [Startup] File [../../../Engine/Config/ConsoleVariables.ini]
[2021.11.07-00.12.01:190][  0]LogConfig: Setting CVar [[net.UseAdaptiveNetUpdateFrequency:0]]
[2021.11.07-00.12.01:190][  0]LogConfig: Setting CVar [[p.chaos.AllowCreatePhysxBodies:1]]
[2021.11.07-00.12.01:190][  0]LogConfig: Setting CVar [[fx.SkipVectorVMBackendOptimizations:1]]
[2021.11.07-00.12.01:190][  0]LogConfig: Applying CVar settings from Section [ConsoleVariables] File [D:/Unreal Engine/Projects/Lamplighter/Lamplighter/Saved/Config/Windows/Engine.ini]
[2021.11.07-00.12.01:190][  0]LogConfig: Applying CVar settings from Section [ConsoleVariables] File [D:/Unreal Engine/Projects/Lamplighter/Lamplighter/Saved/Config/Windows/Editor.ini]
[2021.11.07-00.12.01:191][  0]LogInit: Computer: DESKTOP-V9HKREE
[2021.11.07-00.12.01:191][  0]LogInit: User: PhilipuśPC
[2021.11.07-00.12.01:191][  0]LogInit: CPU Page size=4096, Cores=4
[2021.11.07-00.12.01:191][  0]LogInit: High frequency timer resolution =10.000000 MHz
[2021.11.07-00.12.01:191][  0]LogMemory: Memory total: Physical=16.0GB (16GB approx)
[2021.11.07-00.12.01:191][  0]LogMemory: Platform Memory Stats for Windows
[2021.11.07-00.12.01:191][  0]LogMemory: Process Physical Memory: 144.68 MB used, 144.68 MB peak
[2021.11.07-00.12.01:191][  0]LogMemory: Process Virtual Memory: 125.10 MB used, 125.10 MB peak
[2021.11.07-00.12.01:191][  0]LogMemory: Physical Memory: 6405.90 MB used,  9942.82 MB free, 16348.73 MB total
[2021.11.07-00.12.01:191][  0]LogMemory: Virtual Memory: 134207448.00 MB used,  10279.21 MB free, 134217728.00 MB total
[2021.11.07-00.12.01:197][  0]LogWindows: WindowsPlatformFeatures enabled
[2021.11.07-00.12.01:509][  0]LogInit: Physics initialised using underlying interface: PhysX
[2021.11.07-00.12.01:525][  0]LogInit: Using OS detected language (pl-PL).
[2021.11.07-00.12.01:525][  0]LogInit: Using OS detected locale (pl-PL).
[2021.11.07-00.12.01:527][  0]LogTextLocalizationManager: No specific localization for 'pl-PL' exists, so the 'pl' localization will be used.
[2021.11.07-00.12.01:527][  0]LogTextLocalizationResource: LocRes '../../../Engine/Content/Localization/Editor/pl/Editor.locres' could not be opened for reading!
[2021.11.07-00.12.01:527][  0]LogTextLocalizationResource: LocRes '../../../Engine/Content/Localization/EditorTutorials/pl/EditorTutorials.locres' could not be opened for reading!
[2021.11.07-00.12.01:527][  0]LogTextLocalizationResource: LocRes '../../../Engine/Content/Localization/Keywords/pl/Keywords.locres' could not be opened for reading!
[2021.11.07-00.12.01:527][  0]LogTextLocalizationResource: LocRes '../../../Engine/Content/Localization/Category/pl/Category.locres' could not be opened for reading!
[2021.11.07-00.12.01:527][  0]LogTextLocalizationResource: LocRes '../../../Engine/Content/Localization/ToolTips/pl/ToolTips.locres' could not be opened for reading!
[2021.11.07-00.12.01:527][  0]LogTextLocalizationResource: LocRes '../../../Engine/Content/Localization/PropertyNames/pl/PropertyNames.locres' could not be opened for reading!
[2021.11.07-00.12.01:527][  0]LogTextLocalizationResource: LocRes '../../../Engine/Content/Localization/Engine/pl/Engine.locres' could not be opened for reading!
[2021.11.07-00.12.01:528][  0]LogInit: Setting process to per monitor DPI aware
[2021.11.07-00.12.01:538][  0]LogWindowsTextInputMethodSystem: Display: IME system deactivated.
[2021.11.07-00.12.01:553][  0]LogSlate: New Slate User Created.  User Index 0, Is Virtual User: 0
[2021.11.07-00.12.01:553][  0]LogSlate: Slate User Registered.  User Index 0, Is Virtual User: 0
[2021.11.07-00.12.01:663][  0]LogD3D11RHI: Loaded GFSDK_Aftermath_Lib.x64.dll
[2021.11.07-00.12.01:665][  0]LogHMD: Failed to initialize OpenVR with code 110
[2021.11.07-00.12.01:665][  0]LogD3D11RHI: D3D11 min allowed feature level: 11_0
[2021.11.07-00.12.01:665][  0]LogD3D11RHI: D3D11 max allowed feature level: 11_0
[2021.11.07-00.12.01:665][  0]LogD3D11RHI: D3D11 adapters:
[2021.11.07-00.12.01:733][  0]LogD3D11RHI:    0. 'AMD Radeon RX 5700' (Feature Level 11_0)
[2021.11.07-00.12.01:733][  0]LogD3D11RHI:       8151/0/8174 MB DedicatedVideo/DedicatedSystem/SharedSystem, Outputs:2, VendorId:0x1002
[2021.11.07-00.12.01:735][  0]LogD3D11RHI:    1. 'Microsoft Basic Render Driver' (Feature Level 11_0)
[2021.11.07-00.12.01:735][  0]LogD3D11RHI:       0/0/8174 MB DedicatedVideo/DedicatedSystem/SharedSystem, Outputs:0, VendorId:0x1414
[2021.11.07-00.12.01:735][  0]LogD3D11RHI: Chosen D3D11 Adapter:
[2021.11.07-00.12.01:735][  0]LogD3D11RHI:     Description : AMD Radeon RX 5700
[2021.11.07-00.12.01:735][  0]LogD3D11RHI:     VendorId    : 1002
[2021.11.07-00.12.01:735][  0]LogD3D11RHI:     DeviceId    : 731f
[2021.11.07-00.12.01:735][  0]LogD3D11RHI:     SubSysId    : 23141458
[2021.11.07-00.12.01:735][  0]LogD3D11RHI:     Revision    : 00c4
[2021.11.07-00.12.01:735][  0]LogD3D11RHI:     DedicatedVideoMemory : 8547893248 bytes
[2021.11.07-00.12.01:735][  0]LogD3D11RHI:     DedicatedSystemMemory : 0 bytes
[2021.11.07-00.12.01:735][  0]LogD3D11RHI:     SharedSystemMemory : 8571441152 bytes
[2021.11.07-00.12.01:735][  0]LogD3D11RHI:     AdapterLuid : 0 48138
[2021.11.07-00.12.01:741][  0]LogD3D11RHI: Creating new Direct3DDevice
[2021.11.07-00.12.01:741][  0]LogD3D11RHI:     GPU DeviceId: 0x731f (for the marketing name, search the web for "GPU Device Id")
[2021.11.07-00.12.01:741][  0]LogWindows: EnumDisplayDevices:
[2021.11.07-00.12.01:741][  0]LogWindows:    0. 'AMD Radeon RX 5700' (P:0 D:1)
[2021.11.07-00.12.01:741][  0]LogWindows:    1. 'AMD Radeon RX 5700' (P:1 D:1)
[2021.11.07-00.12.01:741][  0]LogWindows:    2. 'AMD Radeon RX 5700' (P:0 D:0)
[2021.11.07-00.12.01:742][  0]LogWindows:    3. 'AMD Radeon RX 5700' (P:0 D:0)
[2021.11.07-00.12.01:742][  0]LogWindows:    4. 'AMD Radeon RX 5700' (P:0 D:0)
[2021.11.07-00.12.01:742][  0]LogWindows:    5. 'AMD Radeon RX 5700' (P:0 D:0)
[2021.11.07-00.12.01:743][  0]LogWindows:    6. 'AMD Radeon RX 5700' (P:0 D:0)
[2021.11.07-00.12.01:743][  0]LogWindows: DebugString: FoundDriverCount:7 
[2021.11.07-00.12.01:743][  0]LogD3D11RHI:     Adapter Name: AMD Radeon RX 5700
[2021.11.07-00.12.01:743][  0]LogD3D11RHI:   Driver Version: Adrenalin 2020 21.10.2 (internal:30.0.13025.5005, unified:30.0.13025.5005)
[2021.11.07-00.12.01:743][  0]LogD3D11RHI:      Driver Date: 10-5-2021
[2021.11.07-00.12.01:743][  0]LogRHI: Texture pool is 5168 MB (70% of 7383 MB)
[2021.11.07-00.12.01:777][  0]LogD3D11RHI: Creating D3DDevice with AMD AGS, using adapter:
[2021.11.07-00.12.01:777][  0]LogD3D11RHI:     Description : AMD Radeon RX 5700
[2021.11.07-00.12.01:777][  0]LogD3D11RHI:     VendorId    : 1002
[2021.11.07-00.12.01:777][  0]LogD3D11RHI:     DeviceId    : 731f
[2021.11.07-00.12.01:777][  0]LogD3D11RHI:     SubSysId    : 23141458
[2021.11.07-00.12.01:777][  0]LogD3D11RHI:     Revision    : 00c4
[2021.11.07-00.12.01:777][  0]LogD3D11RHI:     DedicatedVideoMemory : 8547893248 bytes
[2021.11.07-00.12.01:777][  0]LogD3D11RHI:     DedicatedSystemMemory : 0 bytes
[2021.11.07-00.12.01:777][  0]LogD3D11RHI:     SharedSystemMemory : 8571441152 bytes
[2021.11.07-00.12.01:777][  0]LogD3D11RHI:     AdapterLuid : 0 48138
[2021.11.07-00.12.01:836][  0]LogD3D11RHI: Created device via AGS, feature level 11_0, supported extensions 1fffffbf.
[2021.11.07-00.12.01:836][  0]LogD3D11RHI: RHI has support for 64 bit atomics
[2021.11.07-00.12.01:836][  0]LogD3D11RHI: Async texture creation enabled
[2021.11.07-00.12.01:836][  0]LogD3D11RHI: Array index from any shader is supported
[2021.11.07-00.12.01:849][  0]LogD3D11RHI: GPU Timing Frequency: 100.000000 (Debug: 2 1)
[2021.11.07-00.12.02:188][  0]LogTargetPlatformManager: Display: Loaded TargetPlatform 'AllDesktop'
[2021.11.07-00.12.02:206][  0]LogTargetPlatformManager: Display: Loaded TargetPlatform 'Android'
[2021.11.07-00.12.02:206][  0]LogTargetPlatformManager: Display: Loaded TargetPlatform 'Android_ASTC'
[2021.11.07-00.12.02:206][  0]LogTargetPlatformManager: Display: Loaded TargetPlatform 'Android_DXT'
[2021.11.07-00.12.02:206][  0]LogTargetPlatformManager: Display: Loaded TargetPlatform 'Android_ETC2'
[2021.11.07-00.12.02:206][  0]LogTargetPlatformManager: Display: Loaded TargetPlatform 'AndroidClient'
[2021.11.07-00.12.02:206][  0]LogTargetPlatformManager: Display: Loaded TargetPlatform 'Android_ASTCClient'
[2021.11.07-00.12.02:206][  0]LogTargetPlatformManager: Display: Loaded TargetPlatform 'Android_DXTClient'
[2021.11.07-00.12.02:206][  0]LogTargetPlatformManager: Display: Loaded TargetPlatform 'Android_ETC2Client'
[2021.11.07-00.12.02:206][  0]LogTargetPlatformManager: Display: Loaded TargetPlatform 'Android_Multi'
[2021.11.07-00.12.02:206][  0]LogTargetPlatformManager: Display: Loaded TargetPlatform 'Android_MultiClient'
[2021.11.07-00.12.02:221][  0]LogTargetPlatformManager: Display: Loaded TargetPlatform 'IOSClient'
[2021.11.07-00.12.02:221][  0]LogTargetPlatformManager: Display: Loaded TargetPlatform 'IOS'
[2021.11.07-00.12.02:229][  0]LogTargetPlatformManager: Display: Loaded TargetPlatform 'Linux'
[2021.11.07-00.12.02:233][  0]LogTargetPlatformManager: Display: Loaded TargetPlatform 'LinuxNoEditor'
[2021.11.07-00.12.02:236][  0]LogTargetPlatformManager: Display: Loaded TargetPlatform 'LinuxClient'
[2021.11.07-00.12.02:240][  0]LogTargetPlatformManager: Display: Loaded TargetPlatform 'LinuxServer'
[2021.11.07-00.12.02:247][  0]LogTargetPlatformManager: Display: Loaded TargetPlatform 'LinuxAArch64NoEditor'
[2021.11.07-00.12.02:251][  0]LogTargetPlatformManager: Display: Loaded TargetPlatform 'LinuxAArch64Client'
[2021.11.07-00.12.02:255][  0]LogTargetPlatformManager: Display: Loaded TargetPlatform 'LinuxAArch64Server'
[2021.11.07-00.12.02:274][  0]LogTargetPlatformManager: Display: Loaded TargetPlatform 'Lumin'
[2021.11.07-00.12.02:274][  0]LogTargetPlatformManager: Display: Loaded TargetPlatform 'LuminClient'
[2021.11.07-00.12.02:280][  0]LogTargetPlatformManager: Display: Loaded TargetPlatform 'MacNoEditor'
[2021.11.07-00.12.02:284][  0]LogTargetPlatformManager: Display: Loaded TargetPlatform 'Mac'
[2021.11.07-00.12.02:288][  0]LogTargetPlatformManager: Display: Loaded TargetPlatform 'MacClient'
[2021.11.07-00.12.02:292][  0]LogTargetPlatformManager: Display: Loaded TargetPlatform 'MacServer'
[2021.11.07-00.12.02:300][  0]LogTargetPlatformManager: Display: Loaded TargetPlatform 'TVOSClient'
[2021.11.07-00.12.02:300][  0]LogTargetPlatformManager: Display: Loaded TargetPlatform 'TVOS'
[2021.11.07-00.12.02:307][  0]LogTargetPlatformManager: Display: Loaded TargetPlatform 'WindowsNoEditor'
[2021.11.07-00.12.02:311][  0]LogTargetPlatformManager: Display: Loaded TargetPlatform 'Windows'
[2021.11.07-00.12.02:315][  0]LogTargetPlatformManager: Display: Loaded TargetPlatform 'WindowsClient'
[2021.11.07-00.12.02:318][  0]LogTargetPlatformManager: Display: Loaded TargetPlatform 'WindowsServer'
[2021.11.07-00.12.02:318][  0]LogTargetPlatformManager: Display: Building Assets For Windows
[2021.11.07-00.12.02:324][  0]LogAudioDebug: Display: Lib vorbis DLL was dynamically loaded.
[2021.11.07-00.12.02:349][  0]LogTextureFormatOodle: Display: Oodle Texture 2.9.0 init RDO Off
[2021.11.07-00.12.02:490][  0]LogRendererCore: Ray tracing is disabled. Reason: r.RayTracing=0.
[2021.11.07-00.12.02:490][  0]LogShaderCompilers: Guid format shader working directory is 7 characters bigger than the processId version (../../../../Projects/Lamplighter/Lamplighter/Intermediate/Shaders/WorkingDirectory/12236/).
[2021.11.07-00.12.02:490][  0]LogShaderCompilers: Cleaned the shader compiler working directory 'C:/Users/Philipuś-PC/AppData/Local/Temp/UnrealShaderWorkingDir/54949A464CFB32ACBB6ECF966C0BFECD/'.
[2021.11.07-00.12.02:490][  0]LogXGEController: Cannot use XGE Controller as Incredibuild is not installed on this machine.
[2021.11.07-00.12.02:490][  0]LogShaderCompilers: Cannot use XGE Shader Compiler as Incredibuild is not installed on this machine.
[2021.11.07-00.12.02:490][  0]LogShaderCompilers: Display: Using Local Shader Compiler.
[2021.11.07-00.12.03:159][  0]LogDerivedDataCache: Display: Max Cache Size: 512 MB
[2021.11.07-00.12.03:212][  0]LogDerivedDataCache: Loaded boot cache 0.05s 94MB C:/Users/Philipuś-PC/AppData/Local/UnrealEngine/4.27/DerivedDataCache/Boot.ddc.
[2021.11.07-00.12.03:212][  0]LogDerivedDataCache: Display: Loaded Boot cache: C:/Users/Philipuś-PC/AppData/Local/UnrealEngine/4.27/DerivedDataCache/Boot.ddc
[2021.11.07-00.12.03:212][  0]LogDerivedDataCache: FDerivedDataBackendGraph:  Pak pak cache file ../../../../Projects/Lamplighter/Lamplighter/DerivedDataCache/DDC.ddp not found, will not use a pak cache.
[2021.11.07-00.12.03:212][  0]LogDerivedDataCache: Unable to find inner node Pak for hierarchical cache Hierarchy.
[2021.11.07-00.12.03:212][  0]LogDerivedDataCache: FDerivedDataBackendGraph:  CompressedPak pak cache file ../../../../Projects/Lamplighter/Lamplighter/DerivedDataCache/Compressed.ddp not found, will not use a pak cache.
[2021.11.07-00.12.03:212][  0]LogDerivedDataCache: Unable to find inner node CompressedPak for hierarchical cache Hierarchy.
[2021.11.07-00.12.03:226][  0]LogDerivedDataCache: Display: Pak cache opened for reading ../../../Engine/DerivedDataCache/Compressed.ddp.
[2021.11.07-00.12.03:226][  0]LogDerivedDataCache: FDerivedDataBackendGraph:  EnterprisePak pak cache file ../../../Enterprise/DerivedDataCache/Compressed.ddp not found, will not use a pak cache.
[2021.11.07-00.12.03:226][  0]LogDerivedDataCache: Unable to find inner node EnterprisePak for hierarchical cache Hierarchy.
[2021.11.07-00.12.03:232][  0]LogDerivedDataCache: Speed tests for C:/Users/Philipuś-PC/AppData/Local/UnrealEngine/Common/DerivedDataCache took 0.01 seconds
[2021.11.07-00.12.03:232][  0]LogDerivedDataCache: Display: Performance to C:/Users/Philipuś-PC/AppData/Local/UnrealEngine/Common/DerivedDataCache: Latency=0.03ms. RandomReadSpeed=1284.99MBs, RandomWriteSpeed=210.57MBs. Assigned SpeedClass 'Local'
[2021.11.07-00.12.03:236][  0]LogDerivedDataCache: Using Local data cache path C:/Users/Philipuś-PC/AppData/Local/UnrealEngine/Common/DerivedDataCache: Writable
[2021.11.07-00.12.03:236][  0]LogDerivedDataCache: Shared data cache path not found in *engine.ini, will not use an Shared cache.
[2021.11.07-00.12.03:236][  0]LogDerivedDataCache: Unable to find inner node Shared for hierarchical cache Hierarchy.
[2021.11.07-00.12.03:278][  0]LogSlate: Using FreeType 2.10.0
[2021.11.07-00.12.03:279][  0]LogSlate: SlateFontServices - WITH_FREETYPE: 1, WITH_HARFBUZZ: 1
[2021.11.07-00.12.03:304][  0]LogAssetRegistry: FAssetRegistry took 0.0024 seconds to start up
[2021.11.07-00.12.03:501][  0]LogInit: Selected Device Profile: [Windows]
[2021.11.07-00.12.03:501][  0]LogInit: Active device profile: [0000017176EECB00][0000017177570A40 49] Windows
[2021.11.07-00.12.03:501][  0]LogInit: Profiles: [0000017176EECB00][0000017177570A40 49] Windows, [0000017176EC6200][0000017177574B80 49] WindowsNoEditor, [0000017176EED900][000001717757CD00 49] WindowsServer, [0000017176EC6F00][0000017177580E80 49] WindowsClient, [0000017176EEFC00][0000017177585000 49] IOS, [0000017176EC4F00][0000017177589180 49] iPadAir, [0000017176EEFE00][000001717758D300 49] iPadAir2, [0000017176E6CC00][0000017174F135C0 49] IPadPro, [0000017176E6CD00][0000017174F0F600 49] iPadAir3, [0000017176EC7C00][0000017174F17780 49] iPadAir4, [0000017176E6F600][0000017174F1B900 49] iPadMini2, [0000017176EC7300][0000017174F1FA80 49] iPadMini3, [0000017176E6F800][0000017174F23C00 49] iPadMini4, [0000017176EC7900][0000017174F26200 49] iPadMini5, [0000017176EA0600][0000017174F2E4C0 49] iPhone6, [0000017176EA0700][0000017174F2A500 49] iPodTouch6, [0000017176EEE900][0000017174F367C0 49] iPhone7, [0000017176EEE800][0000017174F32800 49] iPodTouch7, [0000017176EA0100][0000017177578940 49] iPhone5S, [0000017176E6C700][0000017174F3AA80 49] iPhone6Plus, [0000017176EA2500][0000017174F3EBC0 49] iPhone6S, [0000017176E6D300][0000017174F42D00 49] iPhone6SPlus, [0000017176EA3B00][0000017174F4AE80 49] iPhone7Plus, [0000017176E6F500][0000017174F4F000 49] iPhoneSE, [0000017176EEE600][0000017174F53180 49] iPhone8, [0000017176E6C600][0000017174F57300 49] iPhone8Plus, [0000017176EEE200][0000017174F5B480 49] iPhoneX, [0000017176E6F300][0000017174F5F600 49] iPhoneXS, [0000017176EEF400][0000017174F63780 49] iPhoneXSMax, [0000017176E6ED00][0000017174F67900 49] iPhoneXR, [0000017176EEC200][0000017174F6BA80 49] iPhone11, [0000017176E6DE00][0000017174F6FC00 49] iPhone11Pro, [0000017176EEEA00][0000017174F72200 49] iPhone11ProMax, [0000017176E6F700][00000171750DA380 49] iPhoneSE2, [0000017176EECD00][00000171750DE500 49] iPhone12Mini, [0000017176E6DF00][00000171750E2680 49] iPhone12, [0000017176EEC700][00000171750E6800 49] iPhone12Pro, [0000017176E6D400][00000171750EA980 49] iPhone12ProMax, [0000017176EECC00][00000171750EEB00 49] iPadPro105, [0000017176E6D700][0000017174F46C40 49] iPadPro129, [0000017176EEC100][00000171750F2D80 49] iPadPro97, [0000017176E6FC00][00000171750F6EC0 49] iPadPro2_129, [0000017176EEC800][00000171750FF040 49] iPad5, [0000017176E6F100][00000171751031C0 49] iPad6, [0000017176EEC500][0000017175107340 49] iPad7, [0000017176E6E800][000001717510B4C0 49] iPad8, [0000017176EED500][000001717510F640 49] iPadPro11, [0000017176E6D500][00000171751137C0 49] iPadPro2_11, [0000017176EECF00][0000017175117940 49] iPadPro3_129, [0000017176E6EC00][000001717511BAC0 49] iPadPro4_129, [0000017176EEE500][000001717511E0C0 49] AppleTV, [0000017176E6D100][0000017175122240 49] AppleTV4K, [0000017176EEC400][00000171751263C0 49] TVOS, [0000017176E6E600][000001717512A540 49] Mac, [0000017176EEFD00][000001717512E6C0 49] MacClient, [0000017176E6D800][0000017175132840 49] MacNoEditor, [0000017176EEF100][00000171751369C0 49] MacServer, [0000017176E6F900][000001717513AB40 49] Linux, [0000017176EEC900][000001717513ECC0 49] LinuxAArch64, [0000017176E6FF00][00000171750FAE00 49] LinuxNoEditor, [0000017176EEDB00][0000017175142F40 49] LinuxAArch64NoEditor, [0000017176E6F400][0000017175147080 49] LinuxClient, [0000017176EEDC00][000001717514B1C0 49] LinuxAArch64Client, [0000017176E6DD00][0000017175153340 49] LinuxServer, [0000017176EEEF00][000001716E85B4C0 49] LinuxAArch64Server, [0000017176E6C500][000001716E85F640 49] Android, [0000017176EEDE00][000001716E8637C0 49] Android_Low, [0000017176E6F000][000001716E867940 49] Android_Mid, [0000017176EEE400][000001716E86BAC0 49] Android_High, [0000017176E6C800][000001716E86E0C0 49] Android_Default, [0000017176EEF200][000001716E872240 49] Android_Adreno4xx, [0000017176EC6500][000001716E8763C0 49] Android_Adreno5xx_Low, [0000017176EA1C00][000001716E87A540 49] Android_Adreno5xx, [0000017176EC7E00][000001716E87E6C0 49] Android_Adreno6xx, [0000017176EA2B00][000001716E882840 49] Android_Adreno6xx_Vulkan, [0000017176EC7F00][000001716E8869C0 49] Android_Mali_T6xx, [0000017176EA0F00][000001716E88AB40 49] Android_Mali_T7xx, [0000017176EC5400][000001716E88ECC0 49] Android_Mali_T8xx, [0000017176EA1F00][000001716E892E40 49] Android_Mali_G71, [0000017176EC5D00][000001717514EF80 49] Android_Mali_G72, [0000017176EA2400][000001716E8970C0 49] Android_Mali_G72_Vulkan, [0000017176EC7700][000001716E89B200 49] Android_Mali_G76, [0000017176EA2100][000001716E89F340 49] Android_Mali_G76_Vulkan, [0000017176EC5C00][000001716E8A74C0 49] Android_Mali_G77, [0000017176EA0A00][000001716E8AB640 49] Android_Mali_G77_Vulkan, [0000017176EC7500][000001716E8AF7C0 49] Android_Mali_G78, [0000017176EA1300][000001716E8B3940 49] Android_Mali_G78_Vulkan, [0000017176EC6A00][000001716E8B7AC0 49] Android_Mali_G710, [0000017176EA3D00][000001716E8BA0C0 49] Android_Mali_G710_Vulkan, [0000017176EC5F00][000001716E8BE240 49] Android_Vulkan_SM5, [0000017176EA0900][000001716E8C23C0 49] Android_PowerVR_G6xxx, [0000017176EC6000][000001716E8C6540 49] Android_PowerVR_GT7xxx, [0000017176EA2700][000001716E8CA6C0 49] Android_PowerVR_GE8xxx, [0000017176EC6400][000001716E8CE840 49] Android_PowerVR_GM9xxx, [0000017176EA3200][000001716E8D29C0 49] Android_PowerVR_GM9xxx_Vulkan, [0000017176EC7100][000001716E8D6B40 49] Android_TegraK1, [0000017176EA1700][000001716E8DACC0 49] Android_Unknown_Vulkan, [0000017176EC7800][000001716E8DEE40 49] Lumin, [0000017176EA0200][000001716E8E2FC0 49] Lumin_Desktop, [0000017176EC6300][000001716E8E7140 49] HoloLens, 
[2021.11.07-00.12.03:713][  0]LogMeshReduction: Using QuadricMeshReduction for automatic static mesh reduction
[2021.11.07-00.12.03:713][  0]LogMeshReduction: Using SimplygonMeshReduction for automatic skeletal mesh reduction
[2021.11.07-00.12.03:713][  0]LogMeshReduction: Using ProxyLODMeshReduction for automatic mesh merging
[2021.11.07-00.12.03:713][  0]LogMeshReduction: No distributed automatic mesh merging module available
[2021.11.07-00.12.03:713][  0]LogMeshMerging: No distributed automatic mesh merging module available
[2021.11.07-00.12.03:742][  0]LogNetVersion: Lamplighter 1.0.0, NetCL: 17155196, EngineNetVer: 17, GameNetVer: 0 (Checksum: 1856317816)
[2021.11.07-00.12.04:576][  0]LogTexture: Default maximum texture size for cubemaps generated from long-lat sources has been changed from 512 to unlimited. In order to preserve old behaiour for '/Engine/MapTemplates/Sky/DaylightAmbientCubemap.DaylightAmbientCubemap', its maximum texture size has been explicitly set to 512.
[2021.11.07-00.12.04:624][  0]LogHMD: PokeAHoleMaterial loaded successfully
[2021.11.07-00.12.04:629][  0]LogUObjectArray: 17178 objects as part of root set at end of initial load.
[2021.11.07-00.12.04:629][  0]LogUObjectAllocator: 4301856 out of 0 bytes used by permanent object pool.
[2021.11.07-00.12.04:629][  0]LogUObjectArray: CloseDisregardForGC: 0/0 objects in disregard for GC pool
[2021.11.07-00.12.05:473][  0]LogNiagaraDebuggerClient: Niagara Debugger Client Initialized | Session: B5EC97E7483B759A042085A82302D8FF | Instance: 5313A53F4D3C45E905F45A824CA8731C (DESKTOP-V9HKREE-12236).
[2021.11.07-00.12.05:581][  0]LogImageWrapper: Warning: PNG Warning: Duplicate iCCP chunk
[2021.11.07-00.12.05:581][  0]LogImageWrapper: Warning: PNG Warning: Duplicate iCCP chunk
[2021.11.07-00.12.05:581][  0]LogPython: Using Python 3.7.7
[2021.11.07-00.12.06:120][  0]LogTcpMessaging: Initializing TcpMessaging bridge
[2021.11.07-00.12.06:124][  0]LogUdpMessaging: Initializing bridge on interface 0.0.0.0:0 to multicast group 230.0.0.1:6666.
[2021.11.07-00.12.06:311][  0]SourceControl: Source control is disabled
[2021.11.07-00.12.06:311][  0]SourceControl: Source control is disabled
[2021.11.07-00.12.06:322][  0]SourceControl: Source control is disabled
[2021.11.07-00.12.06:330][  0]SourceControl: Source control is disabled
[2021.11.07-00.12.06:340][  0]SourceControl: Source control is disabled
[2021.11.07-00.12.06:349][  0]LogUProjectInfo: Found projects:
[2021.11.07-00.12.06:675][  0]LogOpenImageDenoise: OIDN starting up
[2021.11.07-00.12.06:722][  0]LogAndroidPermission: UAndroidPermissionCallbackProxy::GetInstance
[2021.11.07-00.12.06:743][  0]LogAudioCaptureCore: Display: No Audio Capture implementations found. Audio input will be silent.
[2021.11.07-00.12.06:743][  0]LogAudioCaptureCore: Display: No Audio Capture implementations found. Audio input will be silent.
[2021.11.07-00.12.06:904][  0]LogCollectionManager: Loaded 0 collections in 0.000716 seconds
[2021.11.07-00.12.06:926][  0]LogFileCache: Scanning file cache for directory 'D:/Unreal Engine/Projects/Lamplighter/Lamplighter/Saved/Collections/' took 0.00s
[2021.11.07-00.12.06:926][  0]LogFileCache: Scanning file cache for directory 'D:/Unreal Engine/Projects/Lamplighter/Lamplighter/Content/Developers/PhilipuśPC/Collections/' took 0.00s
[2021.11.07-00.12.06:926][  0]LogFileCache: Scanning file cache for directory 'D:/Unreal Engine/Projects/Lamplighter/Lamplighter/Content/Collections/' took 0.00s
[2021.11.07-00.12.06:926][  0]LogOcInput: OculusInput pre-init called
[2021.11.07-00.12.07:076][  0]LogImageWrapper: Warning: PNG Warning: Duplicate iCCP chunk
[2021.11.07-00.12.07:076][  0]LogImageWrapper: Warning: PNG Warning: Duplicate iCCP chunk
[2021.11.07-00.12.07:162][  0]LogEngine: Initializing Engine...
[2021.11.07-00.12.07:199][  0]LogHMD: Failed to enumerate extensions. Please check that you have a valid OpenXR runtime installed.
[2021.11.07-00.12.07:199][  0]LogHMD: Failed to initialize OpenVR with code 110
[2021.11.07-00.12.07:199][  0]LogMagicLeap: Warning: VR disabled because ZI is not enabled.  To enable, in the editor, Edit -> Project Settings -> Plugins -> Magic Leap Plugin -> Enable Zero Iteration
[2021.11.07-00.12.07:200][  0]LogStats: UGameplayTagsManager::InitializeManager -  0.000 s
[2021.11.07-00.12.07:319][  0]LogInit: Initializing FReadOnlyCVARCache
[2021.11.07-00.12.07:348][  0]LogAIModule: Creating AISystem for world Untitled
[2021.11.07-00.12.07:349][  0]LogAudio: Display: Initializing Audio Device Manager...
[2021.11.07-00.12.07:352][  0]LogAudio: Display: Loading Default Audio Settings Objects...
[2021.11.07-00.12.07:352][  0]LogAudio: Display: No default SoundConcurrencyObject specified (or failed to load).
[2021.11.07-00.12.07:352][  0]LogAudio: Display: Audio Device Manager Initialized
[2021.11.07-00.12.07:352][  0]LogAudio: Display: Creating Audio Device:                 Id: 1, Scope: Shared, Realtime: True
[2021.11.07-00.12.07:352][  0]LogAudioMixer: Display: Audio Mixer Platform Settings:
[2021.11.07-00.12.07:352][  0]LogAudioMixer: Display: 	Sample Rate:						  48000
[2021.11.07-00.12.07:352][  0]LogAudioMixer: Display: 	Callback Buffer Frame Size Requested: 1024
[2021.11.07-00.12.07:352][  0]LogAudioMixer: Display: 	Callback Buffer Frame Size To Use:	  1024
[2021.11.07-00.12.07:352][  0]LogAudioMixer: Display: 	Number of buffers to queue:			  2
[2021.11.07-00.12.07:352][  0]LogAudioMixer: Display: 	Max Channels (voices):				  32
[2021.11.07-00.12.07:352][  0]LogAudioMixer: Display: 	Number of Async Source Workers:		  0
[2021.11.07-00.12.07:352][  0]LogAudio: Display: AudioDevice MaxSources: 32
[2021.11.07-00.12.07:353][  0]LogAudio: Display: Audio Spatialization Plugin: None (built-in).
[2021.11.07-00.12.07:353][  0]LogAudio: Display: Audio Reverb Plugin: None (built-in).
[2021.11.07-00.12.07:353][  0]LogAudio: Display: Audio Occlusion Plugin: None (built-in).
[2021.11.07-00.12.07:353][  0]LogAudioMixer: Display: Initializing audio mixer.
[2021.11.07-00.12.07:366][  0]LogAudioMixer: Display: 0: FrontLeft
[2021.11.07-00.12.07:366][  0]LogAudioMixer: Display: 1: FrontRight
[2021.11.07-00.12.07:419][  0]LogAudioMixer: Display: Using Audio Device Głośniki (Realtek High Definition Audio)
[2021.11.07-00.12.07:422][  0]LogAudioMixer: Display: Initializing Sound Submixes...
[2021.11.07-00.12.07:424][  0]LogAudioMixer: Display: Creating Master Submix 'MasterSubmixDefault'
[2021.11.07-00.12.07:424][  0]LogAudioMixer: Display: Creating Master Submix 'MasterReverbSubmixDefault'
[2021.11.07-00.12.07:425][  0]LogAudioMixer: Display: Creating Master Submix 'MasterEQSubmixDefault'
[2021.11.07-00.12.07:425][  0]LogAudioMixer: FMixerPlatformXAudio2::StartAudioStream() called
[2021.11.07-00.12.07:425][  0]LogAudioMixer: Display: Output buffers initialized: Frames=1024, Channels=2, Samples=2048
[2021.11.07-00.12.07:426][  0]LogAudioMixer: Display: Starting AudioMixerPlatformInterface::RunInternal()
[2021.11.07-00.12.07:426][  0]LogAudioMixer: Display: FMixerPlatformXAudio2::SubmitBuffer() called for the first time
[2021.11.07-00.12.07:426][  0]LogInit: FAudioDevice initialized.
[2021.11.07-00.12.07:426][  0]LogAudio: Display: Audio Device (ID: 1) registered with world 'Untitled'.
[2021.11.07-00.12.07:426][  0]LogNetVersion: Set ProjectVersion to 1.0.0.0. Version Checksum will be recalculated on next use.
[2021.11.07-00.12.07:506][  0]LogDerivedDataCache: Saved boot cache 0.08s 94MB C:/Users/Philipuś-PC/AppData/Local/UnrealEngine/4.27/DerivedDataCache/Boot.ddc.
[2021.11.07-00.12.07:506][  0]LogInit: Texture streaming: Enabled
[2021.11.07-00.12.07:529][  0]LogAnalytics: Display: [UEEditor.Rocket.Release] APIServer = https://datarouter.ol.epicgames.com/. AppVersion = 4.27.1-17735300+++UE4+Release-4.27
[2021.11.07-00.12.07:543][  0]LogEngineSessionManager: EngineSessionManager initialized
[2021.11.07-00.12.07:543][  0]LogEditorSessionSummary: Verbose: Initializing EditorSessionSummaryWriter for editor session tracking
[2021.11.07-00.12.07:546][  0]LogEditorSessionSummary: EditorSessionSummaryWriter initialized
[2021.11.07-00.12.07:567][  0]LogInit: Transaction tracking system initialized
[2021.11.07-00.12.07:594][  0]BlueprintLog: New page: Editor Load
[2021.11.07-00.12.07:679][  0]LocalizationService: Localization service is disabled
[2021.11.07-00.12.07:729][  0]TimingProfiler: Initialize
[2021.11.07-00.12.07:729][  0]TimingProfiler: OnSessionChanged
[2021.11.07-00.12.07:729][  0]LoadingProfiler: Initialize
[2021.11.07-00.12.07:729][  0]LoadingProfiler: OnSessionChanged
[2021.11.07-00.12.07:729][  0]NetworkingProfiler: Initialize
[2021.11.07-00.12.07:729][  0]NetworkingProfiler: OnSessionChanged
[2021.11.07-00.12.07:729][  0]MemoryProfiler: Initialize
[2021.11.07-00.12.07:729][  0]MemoryProfiler: OnSessionChanged
[2021.11.07-00.12.07:854][  0]LogCook: Display: CookSettings for Memory: MemoryMaxUsedVirtual 0MiB, MemoryMaxUsedPhysical 16384MiB, MemoryMinFreeVirtual 0MiB, MemoryMinFreePhysical 1024MiB
[2021.11.07-00.12.07:854][  0]LogCook: Display: Mobile HDR setting 1
[2021.11.07-00.12.08:090][  0]LogFileCache: Scanning file cache for directory 'D:/Unreal Engine/Projects/Lamplighter/Lamplighter/Content/' took 0.00s
[2021.11.07-00.12.08:231][  0]LogImageWrapper: Warning: PNG Warning: Duplicate iCCP chunk
[2021.11.07-00.12.08:231][  0]LogImageWrapper: Warning: PNG Warning: Duplicate iCCP chunk
[2021.11.07-00.12.08:287][  0]LogInit: Display: Engine is initialized. Leaving FEngineLoop::Init()
[2021.11.07-00.12.08:315][  0]SourceControl: Source control is disabled
[2021.11.07-00.12.08:315][  0]LogUnrealEdMisc: Loading editor; pre map load, took 10.840
[2021.11.07-00.12.08:315][  0]Cmd: MAP LOAD FILE="../../../../Projects/Lamplighter/Lamplighter/Content/Levels/Lv_Test.umap" TEMPLATE=0 SHOWPROGRESS=1 FEATURELEVEL=3
[2021.11.07-00.12.08:315][  0]LightingResults: New page: Lighting Build
[2021.11.07-00.12.08:317][  0]LogWorld: UWorld::CleanupWorld for Untitled, bSessionEnded=true, bCleanupResources=true
[2021.11.07-00.12.08:317][  0]LogSlate: InvalidateAllWidgets triggered.  All widgets were invalidated
[2021.11.07-00.12.08:317][  0]MapCheck: New page: Map Check
[2021.11.07-00.12.08:317][  0]LightingResults: New page: Lighting Build
[2021.11.07-00.12.08:373][  0]LogAudio: Display: Audio Device unregistered from world 'None'.
[2021.11.07-00.12.08:385][  0]LogUObjectHash: Compacting FUObjectHashTables data took   0.70ms
[2021.11.07-00.12.08:558][  0]LogAudio: Display: Audio Device (ID: 1) registered with world 'Lv_Test'.
[2021.11.07-00.12.08:558][  0]LogAIModule: Creating AISystem for world Lv_Test
[2021.11.07-00.12.08:650][  0]LogEditorServer: Finished looking for orphan Actors (0.000 secs)
[2021.11.07-00.12.08:754][  0]LogUObjectHash: Compacting FUObjectHashTables data took   0.83ms
[2021.11.07-00.12.08:754][  0]Cmd: MAP CHECKDEP NOCLEARLOG
[2021.11.07-00.12.08:754][  0]MapCheck: Map check complete: 0 Error(s), 0 Warning(s), took 0,106ms to complete.
[2021.11.07-00.12.08:754][  0]LogFileHelpers: Loading map 'Lv_Test' took 0.440
[2021.11.07-00.12.08:756][  0]LogUnrealEdMisc: Total Editor Startup Time, took 11.281
[2021.11.07-00.12.08:897][  0]LogSlate: Updating window title bar state: overlay mode, drag disabled, window buttons hidden, title bar hidden
[2021.11.07-00.12.08:902][  0]LogSlate: Updating window title bar state: overlay mode, drag disabled, window buttons hidden, title bar hidden
[2021.11.07-00.12.08:908][  0]LogSlate: Updating window title bar state: overlay mode, drag disabled, window buttons hidden, title bar hidden
[2021.11.07-00.12.08:913][  0]LogSlate: Updating window title bar state: overlay mode, drag disabled, window buttons hidden, title bar hidden
[2021.11.07-00.12.09:272][  0]LogNativeClassHierarchy: Verbose: Native class hierarchy populated in 0.0096 seconds. Added 3828 classes and 931 folders.
[2021.11.07-00.12.09:274][  0]LogNativeClassHierarchy: Verbose: Native class hierarchy updated for 'WidgetCarousel' in 0.0002 seconds. Added 0 classes and 0 folders.
[2021.11.07-00.12.09:275][  0]LogPakFile: PakFile PrimaryIndexSize=187
[2021.11.07-00.12.09:275][  0]LogPakFile: PakFile PathHashIndexSize=101
[2021.11.07-00.12.09:275][  0]LogPakFile: PakFile FullDirectoryIndexSize=148
[2021.11.07-00.12.09:275][  0]LogShaderLibrary: Display: ShaderCodeLibraryPakFileMountedCallback: PakFile 'D:/Unreal Engine/UE_4.27/FeaturePacks/FP_FirstPerson.upack' (chunk index -1, root 'root:/') mounted
[2021.11.07-00.12.09:275][  0]LogShaderLibrary: Display: ShaderCodeLibraryPakFileMountedCallback: pending pak file info (ChunkID:-1 Root:root:/ File:D:/Unreal Engine/UE_4.27/FeaturePacks/FP_FirstPerson.upack)
[2021.11.07-00.12.09:275][  0]LogPakFile: OnPakFileMounted2Time == 0.000050
[2021.11.07-00.12.09:275][  0]LogPakFile: PakFile PrimaryIndexSize=189
[2021.11.07-00.12.09:275][  0]LogPakFile: PakFile PathHashIndexSize=101
[2021.11.07-00.12.09:275][  0]LogPakFile: PakFile FullDirectoryIndexSize=152
[2021.11.07-00.12.09:275][  0]LogShaderLibrary: Display: ShaderCodeLibraryPakFileMountedCallback: PakFile 'D:/Unreal Engine/UE_4.27/FeaturePacks/FP_FirstPersonBP.upack' (chunk index -1, root 'root:/') mounted
[2021.11.07-00.12.09:275][  0]LogShaderLibrary: Display: ShaderCodeLibraryPakFileMountedCallback: pending pak file info (ChunkID:-1 Root:root:/ File:D:/Unreal Engine/UE_4.27/FeaturePacks/FP_FirstPersonBP.upack)
[2021.11.07-00.12.09:275][  0]LogPakFile: OnPakFileMounted2Time == 0.000034
[2021.11.07-00.12.09:276][  0]LogPakFile: PakFile PrimaryIndexSize=191
[2021.11.07-00.12.09:276][  0]LogPakFile: PakFile PathHashIndexSize=101
[2021.11.07-00.12.09:276][  0]LogPakFile: PakFile FullDirectoryIndexSize=160
[2021.11.07-00.12.09:276][  0]LogShaderLibrary: Display: ShaderCodeLibraryPakFileMountedCallback: PakFile 'D:/Unreal Engine/UE_4.27/FeaturePacks/MobileStarterContent.upack' (chunk index -1, root 'root:/') mounted
[2021.11.07-00.12.09:276][  0]LogShaderLibrary: Display: ShaderCodeLibraryPakFileMountedCallback: pending pak file info (ChunkID:-1 Root:root:/ File:D:/Unreal Engine/UE_4.27/FeaturePacks/MobileStarterContent.upack)
[2021.11.07-00.12.09:276][  0]LogPakFile: OnPakFileMounted2Time == 0.000031
[2021.11.07-00.12.09:276][  0]LogPakFile: PakFile PrimaryIndexSize=185
[2021.11.07-00.12.09:276][  0]LogPakFile: PakFile PathHashIndexSize=101
[2021.11.07-00.12.09:276][  0]LogPakFile: PakFile FullDirectoryIndexSize=148
[2021.11.07-00.12.09:276][  0]LogShaderLibrary: Display: ShaderCodeLibraryPakFileMountedCallback: PakFile 'D:/Unreal Engine/UE_4.27/FeaturePacks/StarterContent.upack' (chunk index -1, root 'root:/') mounted
[2021.11.07-00.12.09:276][  0]LogShaderLibrary: Display: ShaderCodeLibraryPakFileMountedCallback: pending pak file info (ChunkID:-1 Root:root:/ File:D:/Unreal Engine/UE_4.27/FeaturePacks/StarterContent.upack)
[2021.11.07-00.12.09:276][  0]LogPakFile: OnPakFileMounted2Time == 0.000032
[2021.11.07-00.12.09:277][  0]LogPakFile: PakFile PrimaryIndexSize=190
[2021.11.07-00.12.09:277][  0]LogPakFile: PakFile PathHashIndexSize=101
[2021.11.07-00.12.09:277][  0]LogPakFile: PakFile FullDirectoryIndexSize=154
[2021.11.07-00.12.09:277][  0]LogShaderLibrary: Display: ShaderCodeLibraryPakFileMountedCallback: PakFile 'D:/Unreal Engine/UE_4.27/FeaturePacks/TP_2DSideScroller.upack' (chunk index -1, root 'root:/') mounted
[2021.11.07-00.12.09:277][  0]LogShaderLibrary: Display: ShaderCodeLibraryPakFileMountedCallback: pending pak file info (ChunkID:-1 Root:root:/ File:D:/Unreal Engine/UE_4.27/FeaturePacks/TP_2DSideScroller.upack)
[2021.11.07-00.12.09:277][  0]LogPakFile: OnPakFileMounted2Time == 0.000031
[2021.11.07-00.12.09:277][  0]LogPakFile: PakFile PrimaryIndexSize=192
[2021.11.07-00.12.09:277][  0]LogPakFile: PakFile PathHashIndexSize=101
[2021.11.07-00.12.09:277][  0]LogPakFile: PakFile FullDirectoryIndexSize=158
[2021.11.07-00.12.09:277][  0]LogShaderLibrary: Display: ShaderCodeLibraryPakFileMountedCallback: PakFile 'D:/Unreal Engine/UE_4.27/FeaturePacks/TP_2DSideScrollerBP.upack' (chunk index -1, root 'root:/') mounted
[2021.11.07-00.12.09:277][  0]LogShaderLibrary: Display: ShaderCodeLibraryPakFileMountedCallback: pending pak file info (ChunkID:-1 Root:root:/ File:D:/Unreal Engine/UE_4.27/FeaturePacks/TP_2DSideScrollerBP.upack)
[2021.11.07-00.12.09:277][  0]LogPakFile: OnPakFileMounted2Time == 0.000030
[2021.11.07-00.12.09:278][  0]LogPakFile: PakFile PrimaryIndexSize=182
[2021.11.07-00.12.09:278][  0]LogPakFile: PakFile PathHashIndexSize=101
[2021.11.07-00.12.09:278][  0]LogPakFile: PakFile FullDirectoryIndexSize=138
[2021.11.07-00.12.09:278][  0]LogShaderLibrary: Display: ShaderCodeLibraryPakFileMountedCallback: PakFile 'D:/Unreal Engine/UE_4.27/FeaturePacks/TP_Flying.upack' (chunk index -1, root 'root:/') mounted
[2021.11.07-00.12.09:278][  0]LogShaderLibrary: Display: ShaderCodeLibraryPakFileMountedCallback: pending pak file info (ChunkID:-1 Root:root:/ File:D:/Unreal Engine/UE_4.27/FeaturePacks/TP_Flying.upack)
[2021.11.07-00.12.09:278][  0]LogPakFile: OnPakFileMounted2Time == 0.000035
[2021.11.07-00.12.09:278][  0]LogPakFile: PakFile PrimaryIndexSize=184
[2021.11.07-00.12.09:278][  0]LogPakFile: PakFile PathHashIndexSize=101
[2021.11.07-00.12.09:278][  0]LogPakFile: PakFile FullDirectoryIndexSize=142
[2021.11.07-00.12.09:278][  0]LogShaderLibrary: Display: ShaderCodeLibraryPakFileMountedCallback: PakFile 'D:/Unreal Engine/UE_4.27/FeaturePacks/TP_FlyingBP.upack' (chunk index -1, root 'root:/') mounted
[2021.11.07-00.12.09:278][  0]LogShaderLibrary: Display: ShaderCodeLibraryPakFileMountedCallback: pending pak file info (ChunkID:-1 Root:root:/ File:D:/Unreal Engine/UE_4.27/FeaturePacks/TP_FlyingBP.upack)
[2021.11.07-00.12.09:278][  0]LogPakFile: OnPakFileMounted2Time == 0.000030
[2021.11.07-00.12.09:279][  0]LogPakFile: PakFile PrimaryIndexSize=188
[2021.11.07-00.12.09:279][  0]LogPakFile: PakFile PathHashIndexSize=101
[2021.11.07-00.12.09:279][  0]LogPakFile: PakFile FullDirectoryIndexSize=150
[2021.11.07-00.12.09:279][  0]LogShaderLibrary: Display: ShaderCodeLibraryPakFileMountedCallback: PakFile 'D:/Unreal Engine/UE_4.27/FeaturePacks/TP_HandheldARBP.upack' (chunk index -1, root 'root:/') mounted
[2021.11.07-00.12.09:279][  0]LogShaderLibrary: Display: ShaderCodeLibraryPakFileMountedCallback: pending pak file info (ChunkID:-1 Root:root:/ File:D:/Unreal Engine/UE_4.27/FeaturePacks/TP_HandheldARBP.upack)
[2021.11.07-00.12.09:279][  0]LogPakFile: OnPakFileMounted2Time == 0.000030
[2021.11.07-00.12.09:279][  0]LogPakFile: PakFile PrimaryIndexSize=182
[2021.11.07-00.12.09:279][  0]LogPakFile: PakFile PathHashIndexSize=101
[2021.11.07-00.12.09:279][  0]LogPakFile: PakFile FullDirectoryIndexSize=138
[2021.11.07-00.12.09:279][  0]LogShaderLibrary: Display: ShaderCodeLibraryPakFileMountedCallback: PakFile 'D:/Unreal Engine/UE_4.27/FeaturePacks/TP_Puzzle.upack' (chunk index -1, root 'root:/') mounted
[2021.11.07-00.12.09:279][  0]LogShaderLibrary: Display: ShaderCodeLibraryPakFileMountedCallback: pending pak file info (ChunkID:-1 Root:root:/ File:D:/Unreal Engine/UE_4.27/FeaturePacks/TP_Puzzle.upack)
[2021.11.07-00.12.09:279][  0]LogPakFile: OnPakFileMounted2Time == 0.000031
[2021.11.07-00.12.09:280][  0]LogPakFile: PakFile PrimaryIndexSize=184
[2021.11.07-00.12.09:280][  0]LogPakFile: PakFile PathHashIndexSize=101
[2021.11.07-00.12.09:280][  0]LogPakFile: PakFile FullDirectoryIndexSize=142
[2021.11.07-00.12.09:280][  0]LogShaderLibrary: Display: ShaderCodeLibraryPakFileMountedCallback: PakFile 'D:/Unreal Engine/UE_4.27/FeaturePacks/TP_PuzzleBP.upack' (chunk index -1, root 'root:/') mounted
[2021.11.07-00.12.09:280][  0]LogShaderLibrary: Display: ShaderCodeLibraryPakFileMountedCallback: pending pak file info (ChunkID:-1 Root:root:/ File:D:/Unreal Engine/UE_4.27/FeaturePacks/TP_PuzzleBP.upack)
[2021.11.07-00.12.09:280][  0]LogPakFile: OnPakFileMounted2Time == 0.000031
[2021.11.07-00.12.09:280][  0]LogPakFile: PakFile PrimaryIndexSize=183
[2021.11.07-00.12.09:280][  0]LogPakFile: PakFile PathHashIndexSize=101
[2021.11.07-00.12.09:280][  0]LogPakFile: PakFile FullDirectoryIndexSize=140
[2021.11.07-00.12.09:280][  0]LogShaderLibrary: Display: ShaderCodeLibraryPakFileMountedCallback: PakFile 'D:/Unreal Engine/UE_4.27/FeaturePacks/TP_Rolling.upack' (chunk index -1, root 'root:/') mounted
[2021.11.07-00.12.09:280][  0]LogShaderLibrary: Display: ShaderCodeLibraryPakFileMountedCallback: pending pak file info (ChunkID:-1 Root:root:/ File:D:/Unreal Engine/UE_4.27/FeaturePacks/TP_Rolling.upack)
[2021.11.07-00.12.09:280][  0]LogPakFile: OnPakFileMounted2Time == 0.000030
[2021.11.07-00.12.09:280][  0]LogPakFile: PakFile PrimaryIndexSize=185
[2021.11.07-00.12.09:280][  0]LogPakFile: PakFile PathHashIndexSize=101
[2021.11.07-00.12.09:280][  0]LogPakFile: PakFile FullDirectoryIndexSize=144
[2021.11.07-00.12.09:280][  0]LogShaderLibrary: Display: ShaderCodeLibraryPakFileMountedCallback: PakFile 'D:/Unreal Engine/UE_4.27/FeaturePacks/TP_RollingBP.upack' (chunk index -1, root 'root:/') mounted
[2021.11.07-00.12.09:281][  0]LogShaderLibrary: Display: ShaderCodeLibraryPakFileMountedCallback: pending pak file info (ChunkID:-1 Root:root:/ File:D:/Unreal Engine/UE_4.27/FeaturePacks/TP_RollingBP.upack)
[2021.11.07-00.12.09:281][  0]LogPakFile: OnPakFileMounted2Time == 0.000036
[2021.11.07-00.12.09:281][  0]LogPakFile: PakFile PrimaryIndexSize=188
[2021.11.07-00.12.09:281][  0]LogPakFile: PakFile PathHashIndexSize=101
[2021.11.07-00.12.09:281][  0]LogPakFile: PakFile FullDirectoryIndexSize=150
[2021.11.07-00.12.09:281][  0]LogShaderLibrary: Display: ShaderCodeLibraryPakFileMountedCallback: PakFile 'D:/Unreal Engine/UE_4.27/FeaturePacks/TP_SideScroller.upack' (chunk index -1, root 'root:/') mounted
[2021.11.07-00.12.09:281][  0]LogShaderLibrary: Display: ShaderCodeLibraryPakFileMountedCallback: pending pak file info (ChunkID:-1 Root:root:/ File:D:/Unreal Engine/UE_4.27/FeaturePacks/TP_SideScroller.upack)
[2021.11.07-00.12.09:281][  0]LogPakFile: OnPakFileMounted2Time == 0.000031
[2021.11.07-00.12.09:281][  0]LogPakFile: PakFile PrimaryIndexSize=190
[2021.11.07-00.12.09:281][  0]LogPakFile: PakFile PathHashIndexSize=101
[2021.11.07-00.12.09:281][  0]LogPakFile: PakFile FullDirectoryIndexSize=154
[2021.11.07-00.12.09:281][  0]LogShaderLibrary: Display: ShaderCodeLibraryPakFileMountedCallback: PakFile 'D:/Unreal Engine/UE_4.27/FeaturePacks/TP_SideScrollerBP.upack' (chunk index -1, root 'root:/') mounted
[2021.11.07-00.12.09:281][  0]LogShaderLibrary: Display: ShaderCodeLibraryPakFileMountedCallback: pending pak file info (ChunkID:-1 Root:root:/ File:D:/Unreal Engine/UE_4.27/FeaturePacks/TP_SideScrollerBP.upack)
[2021.11.07-00.12.09:281][  0]LogPakFile: OnPakFileMounted2Time == 0.000033
[2021.11.07-00.12.09:282][  0]LogPakFile: PakFile PrimaryIndexSize=187
[2021.11.07-00.12.09:282][  0]LogPakFile: PakFile PathHashIndexSize=101
[2021.11.07-00.12.09:282][  0]LogPakFile: PakFile FullDirectoryIndexSize=148
[2021.11.07-00.12.09:282][  0]LogShaderLibrary: Display: ShaderCodeLibraryPakFileMountedCallback: PakFile 'D:/Unreal Engine/UE_4.27/FeaturePacks/TP_ThirdPerson.upack' (chunk index -1, root 'root:/') mounted
[2021.11.07-00.12.09:282][  0]LogShaderLibrary: Display: ShaderCodeLibraryPakFileMountedCallback: pending pak file info (ChunkID:-1 Root:root:/ File:D:/Unreal Engine/UE_4.27/FeaturePacks/TP_ThirdPerson.upack)
[2021.11.07-00.12.09:282][  0]LogPakFile: OnPakFileMounted2Time == 0.000030
[2021.11.07-00.12.09:282][  0]LogPakFile: PakFile PrimaryIndexSize=189
[2021.11.07-00.12.09:282][  0]LogPakFile: PakFile PathHashIndexSize=101
[2021.11.07-00.12.09:282][  0]LogPakFile: PakFile FullDirectoryIndexSize=152
[2021.11.07-00.12.09:282][  0]LogShaderLibrary: Display: ShaderCodeLibraryPakFileMountedCallback: PakFile 'D:/Unreal Engine/UE_4.27/FeaturePacks/TP_ThirdPersonBP.upack' (chunk index -1, root 'root:/') mounted
[2021.11.07-00.12.09:282][  0]LogShaderLibrary: Display: ShaderCodeLibraryPakFileMountedCallback: pending pak file info (ChunkID:-1 Root:root:/ File:D:/Unreal Engine/UE_4.27/FeaturePacks/TP_ThirdPersonBP.upack)
[2021.11.07-00.12.09:282][  0]LogPakFile: OnPakFileMounted2Time == 0.000030
[2021.11.07-00.12.09:283][  0]LogPakFile: PakFile PrimaryIndexSize=183
[2021.11.07-00.12.09:283][  0]LogPakFile: PakFile PathHashIndexSize=101
[2021.11.07-00.12.09:283][  0]LogPakFile: PakFile FullDirectoryIndexSize=140
[2021.11.07-00.12.09:283][  0]LogShaderLibrary: Display: ShaderCodeLibraryPakFileMountedCallback: PakFile 'D:/Unreal Engine/UE_4.27/FeaturePacks/TP_TopDown.upack' (chunk index -1, root 'root:/') mounted
[2021.11.07-00.12.09:283][  0]LogShaderLibrary: Display: ShaderCodeLibraryPakFileMountedCallback: pending pak file info (ChunkID:-1 Root:root:/ File:D:/Unreal Engine/UE_4.27/FeaturePacks/TP_TopDown.upack)
[2021.11.07-00.12.09:283][  0]LogPakFile: OnPakFileMounted2Time == 0.000036
[2021.11.07-00.12.09:283][  0]LogPakFile: PakFile PrimaryIndexSize=185
[2021.11.07-00.12.09:283][  0]LogPakFile: PakFile PathHashIndexSize=101
[2021.11.07-00.12.09:283][  0]LogPakFile: PakFile FullDirectoryIndexSize=144
[2021.11.07-00.12.09:283][  0]LogShaderLibrary: Display: ShaderCodeLibraryPakFileMountedCallback: PakFile 'D:/Unreal Engine/UE_4.27/FeaturePacks/TP_TopDownBP.upack' (chunk index -1, root 'root:/') mounted
[2021.11.07-00.12.09:283][  0]LogShaderLibrary: Display: ShaderCodeLibraryPakFileMountedCallback: pending pak file info (ChunkID:-1 Root:root:/ File:D:/Unreal Engine/UE_4.27/FeaturePacks/TP_TopDownBP.upack)
[2021.11.07-00.12.09:283][  0]LogPakFile: OnPakFileMounted2Time == 0.000030
[2021.11.07-00.12.09:284][  0]LogPakFile: PakFile PrimaryIndexSize=185
[2021.11.07-00.12.09:284][  0]LogPakFile: PakFile PathHashIndexSize=101
[2021.11.07-00.12.09:284][  0]LogPakFile: PakFile FullDirectoryIndexSize=144
[2021.11.07-00.12.09:284][  0]LogShaderLibrary: Display: ShaderCodeLibraryPakFileMountedCallback: PakFile 'D:/Unreal Engine/UE_4.27/FeaturePacks/TP_TwinStick.upack' (chunk index -1, root 'root:/') mounted
[2021.11.07-00.12.09:284][  0]LogShaderLibrary: Display: ShaderCodeLibraryPakFileMountedCallback: pending pak file info (ChunkID:-1 Root:root:/ File:D:/Unreal Engine/UE_4.27/FeaturePacks/TP_TwinStick.upack)
[2021.11.07-00.12.09:284][  0]LogPakFile: OnPakFileMounted2Time == 0.000030
[2021.11.07-00.12.09:284][  0]LogPakFile: PakFile PrimaryIndexSize=187
[2021.11.07-00.12.09:284][  0]LogPakFile: PakFile PathHashIndexSize=101
[2021.11.07-00.12.09:284][  0]LogPakFile: PakFile FullDirectoryIndexSize=148
[2021.11.07-00.12.09:284][  0]LogShaderLibrary: Display: ShaderCodeLibraryPakFileMountedCallback: PakFile 'D:/Unreal Engine/UE_4.27/FeaturePacks/TP_TwinStickBP.upack' (chunk index -1, root 'root:/') mounted
[2021.11.07-00.12.09:284][  0]LogShaderLibrary: Display: ShaderCodeLibraryPakFileMountedCallback: pending pak file info (ChunkID:-1 Root:root:/ File:D:/Unreal Engine/UE_4.27/FeaturePacks/TP_TwinStickBP.upack)
[2021.11.07-00.12.09:284][  0]LogPakFile: OnPakFileMounted2Time == 0.000030
[2021.11.07-00.12.09:284][  0]LogPakFile: PakFile PrimaryIndexSize=183
[2021.11.07-00.12.09:284][  0]LogPakFile: PakFile PathHashIndexSize=101
[2021.11.07-00.12.09:284][  0]LogPakFile: PakFile FullDirectoryIndexSize=140
[2021.11.07-00.12.09:284][  0]LogShaderLibrary: Display: ShaderCodeLibraryPakFileMountedCallback: PakFile 'D:/Unreal Engine/UE_4.27/FeaturePacks/TP_Vehicle.upack' (chunk index -1, root 'root:/') mounted
[2021.11.07-00.12.09:284][  0]LogShaderLibrary: Display: ShaderCodeLibraryPakFileMountedCallback: pending pak file info (ChunkID:-1 Root:root:/ File:D:/Unreal Engine/UE_4.27/FeaturePacks/TP_Vehicle.upack)
[2021.11.07-00.12.09:285][  0]LogPakFile: OnPakFileMounted2Time == 0.000034
[2021.11.07-00.12.09:285][  0]LogPakFile: PakFile PrimaryIndexSize=186
[2021.11.07-00.12.09:285][  0]LogPakFile: PakFile PathHashIndexSize=101
[2021.11.07-00.12.09:285][  0]LogPakFile: PakFile FullDirectoryIndexSize=146
[2021.11.07-00.12.09:285][  0]LogShaderLibrary: Display: ShaderCodeLibraryPakFileMountedCallback: PakFile 'D:/Unreal Engine/UE_4.27/FeaturePacks/TP_VehicleAdv.upack' (chunk index -1, root 'root:/') mounted
[2021.11.07-00.12.09:285][  0]LogShaderLibrary: Display: ShaderCodeLibraryPakFileMountedCallback: pending pak file info (ChunkID:-1 Root:root:/ File:D:/Unreal Engine/UE_4.27/FeaturePacks/TP_VehicleAdv.upack)
[2021.11.07-00.12.09:285][  0]LogPakFile: OnPakFileMounted2Time == 0.000033
[2021.11.07-00.12.09:285][  0]LogPakFile: PakFile PrimaryIndexSize=188
[2021.11.07-00.12.09:285][  0]LogPakFile: PakFile PathHashIndexSize=101
[2021.11.07-00.12.09:285][  0]LogPakFile: PakFile FullDirectoryIndexSize=150
[2021.11.07-00.12.09:285][  0]LogShaderLibrary: Display: ShaderCodeLibraryPakFileMountedCallback: PakFile 'D:/Unreal Engine/UE_4.27/FeaturePacks/TP_VehicleAdvBP.upack' (chunk index -1, root 'root:/') mounted
[2021.11.07-00.12.09:285][  0]LogShaderLibrary: Display: ShaderCodeLibraryPakFileMountedCallback: pending pak file info (ChunkID:-1 Root:root:/ File:D:/Unreal Engine/UE_4.27/FeaturePacks/TP_VehicleAdvBP.upack)
[2021.11.07-00.12.09:285][  0]LogPakFile: OnPakFileMounted2Time == 0.000033
[2021.11.07-00.12.09:286][  0]LogPakFile: PakFile PrimaryIndexSize=185
[2021.11.07-00.12.09:286][  0]LogPakFile: PakFile PathHashIndexSize=101
[2021.11.07-00.12.09:286][  0]LogPakFile: PakFile FullDirectoryIndexSize=144
[2021.11.07-00.12.09:286][  0]LogShaderLibrary: Display: ShaderCodeLibraryPakFileMountedCallback: PakFile 'D:/Unreal Engine/UE_4.27/FeaturePacks/TP_VehicleBP.upack' (chunk index -1, root 'root:/') mounted
[2021.11.07-00.12.09:286][  0]LogShaderLibrary: Display: ShaderCodeLibraryPakFileMountedCallback: pending pak file info (ChunkID:-1 Root:root:/ File:D:/Unreal Engine/UE_4.27/FeaturePacks/TP_VehicleBP.upack)
[2021.11.07-00.12.09:286][  0]LogPakFile: OnPakFileMounted2Time == 0.000030
[2021.11.07-00.12.09:286][  0]LogPakFile: PakFile PrimaryIndexSize=192
[2021.11.07-00.12.09:286][  0]LogPakFile: PakFile PathHashIndexSize=101
[2021.11.07-00.12.09:286][  0]LogPakFile: PakFile FullDirectoryIndexSize=158
[2021.11.07-00.12.09:286][  0]LogShaderLibrary: Display: ShaderCodeLibraryPakFileMountedCallback: PakFile 'D:/Unreal Engine/UE_4.27/FeaturePacks/TP_VirtualRealityBP.upack' (chunk index -1, root 'root:/') mounted
[2021.11.07-00.12.09:286][  0]LogShaderLibrary: Display: ShaderCodeLibraryPakFileMountedCallback: pending pak file info (ChunkID:-1 Root:root:/ File:D:/Unreal Engine/UE_4.27/FeaturePacks/TP_VirtualRealityBP.upack)
[2021.11.07-00.12.09:286][  0]LogPakFile: OnPakFileMounted2Time == 0.000032
[2021.11.07-00.12.09:322][  0]LogNativeClassHierarchy: Verbose: Native class hierarchy updated for 'AddContentDialog' in 0.0002 seconds. Added 0 classes and 0 folders.
[2021.11.07-00.12.09:368][  0]LogNativeClassHierarchy: Verbose: Native class hierarchy updated for 'SceneOutliner' in 0.0003 seconds. Added 2 classes and 0 folders.
[2021.11.07-00.12.09:414][  0]LogSlate: Took 0.000237 seconds to synchronously load lazily loaded font '../../../Engine/Content/Slate/Fonts/Roboto-Regular.ttf' (155K)
[2021.11.07-00.12.09:414][  0]LogSlate: Took 0.000122 seconds to synchronously load lazily loaded font '../../../Engine/Content/Editor/Slate/Fonts/FontAwesome.ttf' (139K)
[2021.11.07-00.12.09:415][  0]LogSlate: Took 0.000111 seconds to synchronously load lazily loaded font '../../../Engine/Content/Slate/Fonts/Roboto-Bold.ttf' (160K)
[2021.11.07-00.12.09:504][  0]LogRenderer: Reallocating scene render targets to support 1256x572 Format 10 NumSamples 1 (Frame:1).
[2021.11.07-00.12.10:193][  0]LogNativeClassHierarchy: Verbose: Native class hierarchy updated for 'HierarchicalLODOutliner' in 0.0002 seconds. Added 0 classes and 0 folders.
[2021.11.07-00.12.10:193][  0]LogLoad: (Engine Initialization) Total time: 12.72 seconds
[2021.11.07-00.12.10:193][  0]LogLoad: (Engine Initialization) Total Blueprint compile time: 0.00 seconds
[2021.11.07-00.12.10:236][  0]LogAssetRegistry: Asset discovery search completed in 6.9338 seconds
[2021.11.07-00.12.10:241][  0]LogCollectionManager: Fixed up redirectors for 0 collections in 0.000003 seconds (updated 0 objects)
[2021.11.07-00.12.10:249][  0]LogContentStreaming: Texture pool size now 1000 MB
[2021.11.07-00.12.10:888][  2]LogSlate: Took 0.000189 seconds to synchronously load lazily loaded font '../../../Engine/Content/Slate/Fonts/Roboto-Light.ttf' (167K)
[2021.11.07-00.12.11:550][  4]LogSlate: Took 0.000132 seconds to synchronously load lazily loaded font '../../../Engine/Content/Slate/Fonts/Roboto-Light.ttf' (167K)
